[2015-12-17 06:48:00] local.ERROR: exception 'InvalidArgumentException' with message 'View [resources.view.index] not found.' in D:\Jamil Al-idrus\My document\Materi Kuliah\SEMESTER 5\framework lanjutan\FWLanjutan\vendor\laravel\framework\src\Illuminate\View\FileViewFinder.php:140
Stack trace:
#0 D:\Jamil Al-idrus\My document\Materi Kuliah\SEMESTER 5\framework lanjutan\FWLanjutan\vendor\laravel\framework\src\Illuminate\View\FileViewFinder.php(77): Illuminate\View\FileViewFinder->findInPaths('resources.view....', Array)
#1 D:\Jamil Al-idrus\My document\Materi Kuliah\SEMESTER 5\framework lanjutan\FWLanjutan\vendor\laravel\framework\src\Illuminate\View\Factory.php(145): Illuminate\View\FileViewFinder->find('resources.view....')
#2 D:\Jamil Al-idrus\My document\Materi Kuliah\SEMESTER 5\framework lanjutan\FWLanjutan\vendor\laravel\framework\src\Illuminate\Foundation\helpers.php(565): Illuminate\View\Factory->make('resources.view....', Array, Array)
#3 D:\Jamil Al-idrus\My document\Materi Kuliah\SEMESTER 5\framework lanjutan\FWLanjutan\src\Jamil\Skripsi\Http\Controllers\SkripsiController.php(11): view('resources.view....')
#4 [internal function]: Jamil\Skripsi\Http\Controllers\SkripsiController->index()
#5 D:\Jamil Al-idrus\My document\Materi Kuliah\SEMESTER 5\framework lanjutan\FWLanjutan\vendor\laravel\framework\src\Illuminate\Routing\Controller.php(246): call_user_func_array(Array, Array)
#6 D:\Jamil Al-idrus\My document\Materi Kuliah\SEMESTER 5\framework lanjutan\FWLanjutan\vendor\laravel\framework\src\Illuminate\Routing\ControllerDispatcher.php(162): Illuminate\Routing\Controller->callAction('index', Array)
#7 D:\Jamil Al-idrus\My document\Materi Kuliah\SEMESTER 5\framework lanjutan\FWLanjutan\vendor\laravel\framework\src\Illuminate\Routing\ControllerDispatcher.php(107): Illuminate\Routing\ControllerDispatcher->call(Object(Jamil\Skripsi\Http\Controllers\SkripsiController), Object(Illuminate\Routing\Route), 'index')
#8 [internal function]: Illuminate\Routing\ControllerDispatcher->Illuminate\Routing\{closure}(Object(Illuminate\Http\Request))
#9 D:\Jamil Al-idrus\My document\Materi Kuliah\SEMESTER 5\framework lanjutan\FWLanjutan\vendor\laravel\framework\src\Illuminate\Pipeline\Pipeline.php(141): call_user_func(Object(Closure), Object(Illuminate\Http\Request))
#10 [internal function]: Illuminate\Pipeline\Pipeline->Illuminate\Pipeline\{closure}(Object(Illuminate\Http\Request))
#11 D:\Jamil Al-idrus\My document\Materi Kuliah\SEMESTER 5\framework lanjutan\FWLanjutan\vendor\laravel\framework\src\Illuminate\Pipeline\Pipeline.php(101): call_user_func(Object(Closure), Object(Illuminate\Http\Request))
#12 D:\Jamil Al-idrus\My document\Materi Kuliah\SEMESTER 5\framework lanjutan\FWLanjutan\vendor\laravel\framework\src\Illuminate\Routing\ControllerDispatcher.php(108): Illuminate\Pipeline\Pipeline->then(Object(Closure))
#13 D:\Jamil Al-idrus\My document\Materi Kuliah\SEMESTER 5\framework lanjutan\FWLanjutan\vendor\laravel\framework\src\Illuminate\Routing\ControllerDispatcher.php(67): Illuminate\Routing\ControllerDispatcher->callWithinStack(Object(Jamil\Skripsi\Http\Controllers\SkripsiController), Object(Illuminate\Routing\Route), Object(Illuminate\Http\Request), 'index')
#14 D:\Jamil Al-idrus\My document\Materi Kuliah\SEMESTER 5\framework lanjutan\FWLanjutan\vendor\laravel\framework\src\Illuminate\Routing\Route.php(198): Illuminate\Routing\ControllerDispatcher->dispatch(Object(Illuminate\Routing\Route), Object(Illuminate\Http\Request), 'Jamil\\Skripsi\\H...', 'index')
#15 D:\Jamil Al-idrus\My document\Materi Kuliah\SEMESTER 5\framework lanjutan\FWLanjutan\vendor\laravel\framework\src\Illuminate\Routing\Route.php(131): Illuminate\Routing\Route->runWithCustomDispatcher(Object(Illuminate\Http\Request))
#16 D:\Jamil Al-idrus\My document\Materi Kuliah\SEMESTER 5\framework lanjutan\FWLanjutan\vendor\laravel\framework\src\Illuminate\Routing\Router.php(691): Illuminate\Routing\Route->run(Object(Illuminate\Http\Request))
#17 [internal function]: Illuminate\Routing\Router->Illuminate\Routing\{closure}(Object(Illuminate\Http\Request))
#18 D:\Jamil Al-idrus\My document\Materi Kuliah\SEMESTER 5\framework lanjutan\FWLanjutan\vendor\laravel\framework\src\Illuminate\Pipeline\Pipeline.php(141): call_user_func(Object(Closure), Object(Illuminate\Http\Request))
#19 [internal function]: Illuminate\Pipeline\Pipeline->Illuminate\Pipeline\{closure}(Object(Illuminate\Http\Request))
#20 D:\Jamil Al-idrus\My document\Materi Kuliah\SEMESTER 5\framework lanjutan\FWLanjutan\vendor\laravel\framework\src\Illuminate\Pipeline\Pipeline.php(101): call_user_func(Object(Closure), Object(Illuminate\Http\Request))
#21 D:\Jamil Al-idrus\My document\Materi Kuliah\SEMESTER 5\framework lanjutan\FWLanjutan\vendor\laravel\framework\src\Illuminate\Routing\Router.php(693): Illuminate\Pipeline\Pipeline->then(Object(Closure))
#22 D:\Jamil Al-idrus\My document\Materi Kuliah\SEMESTER 5\framework lanjutan\FWLanjutan\vendor\laravel\framework\src\Illuminate\Routing\Router.php(660): Illuminate\Routing\Router->runRouteWithinStack(Object(Illuminate\Routing\Route), Object(Illuminate\Http\Request))
#23 D:\Jamil Al-idrus\My document\Materi Kuliah\SEMESTER 5\framework lanjutan\FWLanjutan\vendor\laravel\framework\src\Illuminate\Routing\Router.php(618): Illuminate\Routing\Router->dispatchToRoute(Object(Illuminate\Http\Request))
#24 D:\Jamil Al-idrus\My document\Materi Kuliah\SEMESTER 5\framework lanjutan\FWLanjutan\vendor\laravel\framework\src\Illuminate\Foundation\Http\Kernel.php(210): Illuminate\Routing\Router->dispatch(Object(Illuminate\Http\Request))
#25 [internal function]: Illuminate\Foundation\Http\Kernel->Illuminate\Foundation\Http\{closure}(Object(Illuminate\Http\Request))
#26 D:\Jamil Al-idrus\My document\Materi Kuliah\SEMESTER 5\framework lanjutan\FWLanjutan\vendor\laravel\framework\src\Illuminate\Pipeline\Pipeline.php(141): call_user_func(Object(Closure), Object(Illuminate\Http\Request))
#27 D:\Jamil Al-idrus\My document\Materi Kuliah\SEMESTER 5\framework lanjutan\FWLanjutan\vendor\laravel\framework\src\Illuminate\Foundation\Http\Middleware\VerifyCsrfToken.php(43): Illuminate\Pipeline\Pipeline->Illuminate\Pipeline\{closure}(Object(Illuminate\Http\Request))
#28 D:\Jamil Al-idrus\My document\Materi Kuliah\SEMESTER 5\framework lanjutan\FWLanjutan\app\Http\Middleware\VerifyCsrfToken.php(17): Illuminate\Foundation\Http\Middleware\VerifyCsrfToken->handle(Object(Illuminate\Http\Request), Object(Closure))
#29 D:\Jamil Al-idrus\My document\Materi Kuliah\SEMESTER 5\framework lanjutan\FWLanjutan\vendor\laravel\framework\src\Illuminate\Pipeline\Pipeline.php(125): App\Http\Middleware\VerifyCsrfToken->handle(Object(Illuminate\Http\Request), Object(Closure))
#30 D:\Jamil Al-idrus\My document\Materi Kuliah\SEMESTER 5\framework lanjutan\FWLanjutan\vendor\laravel\framework\src\Illuminate\View\Middleware\ShareErrorsFromSession.php(55): Illuminate\Pipeline\Pipeline->Illuminate\Pipeline\{closure}(Object(Illuminate\Http\Request))
#31 D:\Jamil Al-idrus\My document\Materi Kuliah\SEMESTER 5\framework lanjutan\FWLanjutan\vendor\laravel\framework\src\Illuminate\Pipeline\Pipeline.php(125): Illuminate\View\Middleware\ShareErrorsFromSession->handle(Object(Illuminate\Http\Request), Object(Closure))
#32 D:\Jamil Al-idrus\My document\Materi Kuliah\SEMESTER 5\framework lanjutan\FWLanjutan\vendor\laravel\framework\src\Illuminate\Session\Middleware\StartSession.php(61): Illuminate\Pipeline\Pipeline->Illuminate\Pipeline\{closure}(Object(Illuminate\Http\Request))
#33 D:\Jamil Al-idrus\My document\Materi Kuliah\SEMESTER 5\framework lanjutan\FWLanjutan\vendor\laravel\framework\src\Illuminate\Pipeline\Pipeline.php(125): Illuminate\Session\Middleware\StartSession->handle(Object(Illuminate\Http\Request), Object(Closure))
#34 D:\Jamil Al-idrus\My document\Materi Kuliah\SEMESTER 5\framework lanjutan\FWLanjutan\vendor\laravel\framework\src\Illuminate\Cookie\Middleware\AddQueuedCookiesToResponse.php(36): Illuminate\Pipeline\Pipeline->Illuminate\Pipeline\{closure}(Object(Illuminate\Http\Request))
#35 D:\Jamil Al-idrus\My document\Materi Kuliah\SEMESTER 5\framework lanjutan\FWLanjutan\vendor\laravel\framework\src\Illuminate\Pipeline\Pipeline.php(125): Illuminate\Cookie\Middleware\AddQueuedCookiesToResponse->handle(Object(Illuminate\Http\Request), Object(Closure))
#36 D:\Jamil Al-idrus\My document\Materi Kuliah\SEMESTER 5\framework lanjutan\FWLanjutan\vendor\laravel\framework\src\Illuminate\Cookie\Middleware\EncryptCookies.php(40): Illuminate\Pipeline\Pipeline->Illuminate\Pipeline\{closure}(Object(Illuminate\Http\Request))
#37 D:\Jamil Al-idrus\My document\Materi Kuliah\SEMESTER 5\framework lanjutan\FWLanjutan\vendor\laravel\framework\src\Illuminate\Pipeline\Pipeline.php(125): Illuminate\Cookie\Middleware\EncryptCookies->handle(Object(Illuminate\Http\Request), Object(Closure))
#38 D:\Jamil Al-idrus\My document\Materi Kuliah\SEMESTER 5\framework lanjutan\FWLanjutan\vendor\laravel\framework\src\Illuminate\Foundation\Http\Middleware\CheckForMaintenanceMode.php(42): Illuminate\Pipeline\Pipeline->Illuminate\Pipeline\{closure}(Object(Illuminate\Http\Request))
#39 D:\Jamil Al-idrus\My document\Materi Kuliah\SEMESTER 5\framework lanjutan\FWLanjutan\vendor\laravel\framework\src\Illuminate\Pipeline\Pipeline.php(125): Illuminate\Foundation\Http\Middleware\CheckForMaintenanceMode->handle(Object(Illuminate\Http\Request), Object(Closure))
#40 [internal function]: Illuminate\Pipeline\Pipeline->Illuminate\Pipeline\{closure}(Object(Illuminate\Http\Request))
#41 D:\Jamil Al-idrus\My document\Materi Kuliah\SEMESTER 5\framework lanjutan\FWLanjutan\vendor\laravel\framework\src\Illuminate\Pipeline\Pipeline.php(101): call_user_func(Object(Closure), Object(Illuminate\Http\Request))
#42 D:\Jamil Al-idrus\My document\Materi Kuliah\SEMESTER 5\framework lanjutan\FWLanjutan\vendor\laravel\framework\src\Illuminate\Foundation\Http\Kernel.php(111): Illuminate\Pipeline\Pipeline->then(Object(Closure))
#43 D:\Jamil Al-idrus\My document\Materi Kuliah\SEMESTER 5\framework lanjutan\FWLanjutan\vendor\laravel\framework\src\Illuminate\Foundation\Http\Kernel.php(84): Illuminate\Foundation\Http\Kernel->sendRequestThroughRouter(Object(Illuminate\Http\Request))
#44 D:\Jamil Al-idrus\My document\Materi Kuliah\SEMESTER 5\framework lanjutan\FWLanjutan\public\index.php(53): Illuminate\Foundation\Http\Kernel->handle(Object(Illuminate\Http\Request))
#45 D:\Jamil Al-idrus\My document\Materi Kuliah\SEMESTER 5\framework lanjutan\FWLanjutan\server.php(21): require_once('D:\\Jamil Al-idr...')
#46 {main}  
[2015-12-17 06:48:11] local.ERROR: exception 'InvalidArgumentException' with message 'View [index] not found.' in D:\Jamil Al-idrus\My document\Materi Kuliah\SEMESTER 5\framework lanjutan\FWLanjutan\vendor\laravel\framework\src\Illuminate\View\FileViewFinder.php:140
Stack trace:
#0 D:\Jamil Al-idrus\My document\Materi Kuliah\SEMESTER 5\framework lanjutan\FWLanjutan\vendor\laravel\framework\src\Illuminate\View\FileViewFinder.php(77): Illuminate\View\FileViewFinder->findInPaths('index', Array)
#1 D:\Jamil Al-idrus\My document\Materi Kuliah\SEMESTER 5\framework lanjutan\FWLanjutan\vendor\laravel\framework\src\Illuminate\View\Factory.php(145): Illuminate\View\FileViewFinder->find('index')
#2 D:\Jamil Al-idrus\My document\Materi Kuliah\SEMESTER 5\framework lanjutan\FWLanjutan\vendor\laravel\framework\src\Illuminate\Foundation\helpers.php(565): Illuminate\View\Factory->make('index', Array, Array)
#3 D:\Jamil Al-idrus\My document\Materi Kuliah\SEMESTER 5\framework lanjutan\FWLanjutan\src\Jamil\Skripsi\Http\Controllers\SkripsiController.php(11): view('index')
#4 [internal function]: Jamil\Skripsi\Http\Controllers\SkripsiController->index()
#5 D:\Jamil Al-idrus\My document\Materi Kuliah\SEMESTER 5\framework lanjutan\FWLanjutan\vendor\laravel\framework\src\Illuminate\Routing\Controller.php(246): call_user_func_array(Array, Array)
#6 D:\Jamil Al-idrus\My document\Materi Kuliah\SEMESTER 5\framework lanjutan\FWLanjutan\vendor\laravel\framework\src\Illuminate\Routing\ControllerDispatcher.php(162): Illuminate\Routing\Controller->callAction('index', Array)
#7 D:\Jamil Al-idrus\My document\Materi Kuliah\SEMESTER 5\framework lanjutan\FWLanjutan\vendor\laravel\framework\src\Illuminate\Routing\ControllerDispatcher.php(107): Illuminate\Routing\ControllerDispatcher->call(Object(Jamil\Skripsi\Http\Controllers\SkripsiController), Object(Illuminate\Routing\Route), 'index')
#8 [internal function]: Illuminate\Routing\ControllerDispatcher->Illuminate\Routing\{closure}(Object(Illuminate\Http\Request))
#9 D:\Jamil Al-idrus\My document\Materi Kuliah\SEMESTER 5\framework lanjutan\FWLanjutan\vendor\laravel\framework\src\Illuminate\Pipeline\Pipeline.php(141): call_user_func(Object(Closure), Object(Illuminate\Http\Request))
#10 [internal function]: Illuminate\Pipeline\Pipeline->Illuminate\Pipeline\{closure}(Object(Illuminate\Http\Request))
#11 D:\Jamil Al-idrus\My document\Materi Kuliah\SEMESTER 5\framework lanjutan\FWLanjutan\vendor\laravel\framework\src\Illuminate\Pipeline\Pipeline.php(101): call_user_func(Object(Closure), Object(Illuminate\Http\Request))
#12 D:\Jamil Al-idrus\My document\Materi Kuliah\SEMESTER 5\framework lanjutan\FWLanjutan\vendor\laravel\framework\src\Illuminate\Routing\ControllerDispatcher.php(108): Illuminate\Pipeline\Pipeline->then(Object(Closure))
#13 D:\Jamil Al-idrus\My document\Materi Kuliah\SEMESTER 5\framework lanjutan\FWLanjutan\vendor\laravel\framework\src\Illuminate\Routing\ControllerDispatcher.php(67): Illuminate\Routing\ControllerDispatcher->callWithinStack(Object(Jamil\Skripsi\Http\Controllers\SkripsiController), Object(Illuminate\Routing\Route), Object(Illuminate\Http\Request), 'index')
#14 D:\Jamil Al-idrus\My document\Materi Kuliah\SEMESTER 5\framework lanjutan\FWLanjutan\vendor\laravel\framework\src\Illuminate\Routing\Route.php(198): Illuminate\Routing\ControllerDispatcher->dispatch(Object(Illuminate\Routing\Route), Object(Illuminate\Http\Request), 'Jamil\\Skripsi\\H...', 'index')
#15 D:\Jamil Al-idrus\My document\Materi Kuliah\SEMESTER 5\framework lanjutan\FWLanjutan\vendor\laravel\framework\src\Illuminate\Routing\Route.php(131): Illuminate\Routing\Route->runWithCustomDispatcher(Object(Illuminate\Http\Request))
#16 D:\Jamil Al-idrus\My document\Materi Kuliah\SEMESTER 5\framework lanjutan\FWLanjutan\vendor\laravel\framework\src\Illuminate\Routing\Router.php(691): Illuminate\Routing\Route->run(Object(Illuminate\Http\Request))
#17 [internal function]: Illuminate\Routing\Router->Illuminate\Routing\{closure}(Object(Illuminate\Http\Request))
#18 D:\Jamil Al-idrus\My document\Materi Kuliah\SEMESTER 5\framework lanjutan\FWLanjutan\vendor\laravel\framework\src\Illuminate\Pipeline\Pipeline.php(141): call_user_func(Object(Closure), Object(Illuminate\Http\Request))
#19 [internal function]: Illuminate\Pipeline\Pipeline->Illuminate\Pipeline\{closure}(Object(Illuminate\Http\Request))
#20 D:\Jamil Al-idrus\My document\Materi Kuliah\SEMESTER 5\framework lanjutan\FWLanjutan\vendor\laravel\framework\src\Illuminate\Pipeline\Pipeline.php(101): call_user_func(Object(Closure), Object(Illuminate\Http\Request))
#21 D:\Jamil Al-idrus\My document\Materi Kuliah\SEMESTER 5\framework lanjutan\FWLanjutan\vendor\laravel\framework\src\Illuminate\Routing\Router.php(693): Illuminate\Pipeline\Pipeline->then(Object(Closure))
#22 D:\Jamil Al-idrus\My document\Materi Kuliah\SEMESTER 5\framework lanjutan\FWLanjutan\vendor\laravel\framework\src\Illuminate\Routing\Router.php(660): Illuminate\Routing\Router->runRouteWithinStack(Object(Illuminate\Routing\Route), Object(Illuminate\Http\Request))
#23 D:\Jamil Al-idrus\My document\Materi Kuliah\SEMESTER 5\framework lanjutan\FWLanjutan\vendor\laravel\framework\src\Illuminate\Routing\Router.php(618): Illuminate\Routing\Router->dispatchToRoute(Object(Illuminate\Http\Request))
#24 D:\Jamil Al-idrus\My document\Materi Kuliah\SEMESTER 5\framework lanjutan\FWLanjutan\vendor\laravel\framework\src\Illuminate\Foundation\Http\Kernel.php(210): Illuminate\Routing\Router->dispatch(Object(Illuminate\Http\Request))
#25 [internal function]: Illuminate\Foundation\Http\Kernel->Illuminate\Foundation\Http\{closure}(Object(Illuminate\Http\Request))
#26 D:\Jamil Al-idrus\My document\Materi Kuliah\SEMESTER 5\framework lanjutan\FWLanjutan\vendor\laravel\framework\src\Illuminate\Pipeline\Pipeline.php(141): call_user_func(Object(Closure), Object(Illuminate\Http\Request))
#27 D:\Jamil Al-idrus\My document\Materi Kuliah\SEMESTER 5\framework lanjutan\FWLanjutan\vendor\laravel\framework\src\Illuminate\Foundation\Http\Middleware\VerifyCsrfToken.php(43): Illuminate\Pipeline\Pipeline->Illuminate\Pipeline\{closure}(Object(Illuminate\Http\Request))
#28 D:\Jamil Al-idrus\My document\Materi Kuliah\SEMESTER 5\framework lanjutan\FWLanjutan\app\Http\Middleware\VerifyCsrfToken.php(17): Illuminate\Foundation\Http\Middleware\VerifyCsrfToken->handle(Object(Illuminate\Http\Request), Object(Closure))
#29 D:\Jamil Al-idrus\My document\Materi Kuliah\SEMESTER 5\framework lanjutan\FWLanjutan\vendor\laravel\framework\src\Illuminate\Pipeline\Pipeline.php(125): App\Http\Middleware\VerifyCsrfToken->handle(Object(Illuminate\Http\Request), Object(Closure))
#30 D:\Jamil Al-idrus\My document\Materi Kuliah\SEMESTER 5\framework lanjutan\FWLanjutan\vendor\laravel\framework\src\Illuminate\View\Middleware\ShareErrorsFromSession.php(55): Illuminate\Pipeline\Pipeline->Illuminate\Pipeline\{closure}(Object(Illuminate\Http\Request))
#31 D:\Jamil Al-idrus\My document\Materi Kuliah\SEMESTER 5\framework lanjutan\FWLanjutan\vendor\laravel\framework\src\Illuminate\Pipeline\Pipeline.php(125): Illuminate\View\Middleware\ShareErrorsFromSession->handle(Object(Illuminate\Http\Request), Object(Closure))
#32 D:\Jamil Al-idrus\My document\Materi Kuliah\SEMESTER 5\framework lanjutan\FWLanjutan\vendor\laravel\framework\src\Illuminate\Session\Middleware\StartSession.php(61): Illuminate\Pipeline\Pipeline->Illuminate\Pipeline\{closure}(Object(Illuminate\Http\Request))
#33 D:\Jamil Al-idrus\My document\Materi Kuliah\SEMESTER 5\framework lanjutan\FWLanjutan\vendor\laravel\framework\src\Illuminate\Pipeline\Pipeline.php(125): Illuminate\Session\Middleware\StartSession->handle(Object(Illuminate\Http\Request), Object(Closure))
#34 D:\Jamil Al-idrus\My document\Materi Kuliah\SEMESTER 5\framework lanjutan\FWLanjutan\vendor\laravel\framework\src\Illuminate\Cookie\Middleware\AddQueuedCookiesToResponse.php(36): Illuminate\Pipeline\Pipeline->Illuminate\Pipeline\{closure}(Object(Illuminate\Http\Request))
#35 D:\Jamil Al-idrus\My document\Materi Kuliah\SEMESTER 5\framework lanjutan\FWLanjutan\vendor\laravel\framework\src\Illuminate\Pipeline\Pipeline.php(125): Illuminate\Cookie\Middleware\AddQueuedCookiesToResponse->handle(Object(Illuminate\Http\Request), Object(Closure))
#36 D:\Jamil Al-idrus\My document\Materi Kuliah\SEMESTER 5\framework lanjutan\FWLanjutan\vendor\laravel\framework\src\Illuminate\Cookie\Middleware\EncryptCookies.php(40): Illuminate\Pipeline\Pipeline->Illuminate\Pipeline\{closure}(Object(Illuminate\Http\Request))
#37 D:\Jamil Al-idrus\My document\Materi Kuliah\SEMESTER 5\framework lanjutan\FWLanjutan\vendor\laravel\framework\src\Illuminate\Pipeline\Pipeline.php(125): Illuminate\Cookie\Middleware\EncryptCookies->handle(Object(Illuminate\Http\Request), Object(Closure))
#38 D:\Jamil Al-idrus\My document\Materi Kuliah\SEMESTER 5\framework lanjutan\FWLanjutan\vendor\laravel\framework\src\Illuminate\Foundation\Http\Middleware\CheckForMaintenanceMode.php(42): Illuminate\Pipeline\Pipeline->Illuminate\Pipeline\{closure}(Object(Illuminate\Http\Request))
#39 D:\Jamil Al-idrus\My document\Materi Kuliah\SEMESTER 5\framework lanjutan\FWLanjutan\vendor\laravel\framework\src\Illuminate\Pipeline\Pipeline.php(125): Illuminate\Foundation\Http\Middleware\CheckForMaintenanceMode->handle(Object(Illuminate\Http\Request), Object(Closure))
#40 [internal function]: Illuminate\Pipeline\Pipeline->Illuminate\Pipeline\{closure}(Object(Illuminate\Http\Request))
#41 D:\Jamil Al-idrus\My document\Materi Kuliah\SEMESTER 5\framework lanjutan\FWLanjutan\vendor\laravel\framework\src\Illuminate\Pipeline\Pipeline.php(101): call_user_func(Object(Closure), Object(Illuminate\Http\Request))
#42 D:\Jamil Al-idrus\My document\Materi Kuliah\SEMESTER 5\framework lanjutan\FWLanjutan\vendor\laravel\framework\src\Illuminate\Foundation\Http\Kernel.php(111): Illuminate\Pipeline\Pipeline->then(Object(Closure))
#43 D:\Jamil Al-idrus\My document\Materi Kuliah\SEMESTER 5\framework lanjutan\FWLanjutan\vendor\laravel\framework\src\Illuminate\Foundation\Http\Kernel.php(84): Illuminate\Foundation\Http\Kernel->sendRequestThroughRouter(Object(Illuminate\Http\Request))
#44 D:\Jamil Al-idrus\My document\Materi Kuliah\SEMESTER 5\framework lanjutan\FWLanjutan\public\index.php(53): Illuminate\Foundation\Http\Kernel->handle(Object(Illuminate\Http\Request))
#45 D:\Jamil Al-idrus\My document\Materi Kuliah\SEMESTER 5\framework lanjutan\FWLanjutan\server.php(21): require_once('D:\\Jamil Al-idr...')
#46 {main}  
[2015-12-17 06:48:31] local.ERROR: exception 'InvalidArgumentException' with message 'View [Resources.View.index] not found.' in D:\Jamil Al-idrus\My document\Materi Kuliah\SEMESTER 5\framework lanjutan\FWLanjutan\vendor\laravel\framework\src\Illuminate\View\FileViewFinder.php:140
Stack trace:
#0 D:\Jamil Al-idrus\My document\Materi Kuliah\SEMESTER 5\framework lanjutan\FWLanjutan\vendor\laravel\framework\src\Illuminate\View\FileViewFinder.php(77): Illuminate\View\FileViewFinder->findInPaths('Resources.View....', Array)
#1 D:\Jamil Al-idrus\My document\Materi Kuliah\SEMESTER 5\framework lanjutan\FWLanjutan\vendor\laravel\framework\src\Illuminate\View\Factory.php(145): Illuminate\View\FileViewFinder->find('Resources.View....')
#2 D:\Jamil Al-idrus\My document\Materi Kuliah\SEMESTER 5\framework lanjutan\FWLanjutan\vendor\laravel\framework\src\Illuminate\Foundation\helpers.php(565): Illuminate\View\Factory->make('Resources.View....', Array, Array)
#3 D:\Jamil Al-idrus\My document\Materi Kuliah\SEMESTER 5\framework lanjutan\FWLanjutan\src\Jamil\Skripsi\Http\Controllers\SkripsiController.php(11): view('Resources.View....')
#4 [internal function]: Jamil\Skripsi\Http\Controllers\SkripsiController->index()
#5 D:\Jamil Al-idrus\My document\Materi Kuliah\SEMESTER 5\framework lanjutan\FWLanjutan\vendor\laravel\framework\src\Illuminate\Routing\Controller.php(246): call_user_func_array(Array, Array)
#6 D:\Jamil Al-idrus\My document\Materi Kuliah\SEMESTER 5\framework lanjutan\FWLanjutan\vendor\laravel\framework\src\Illuminate\Routing\ControllerDispatcher.php(162): Illuminate\Routing\Controller->callAction('index', Array)
#7 D:\Jamil Al-idrus\My document\Materi Kuliah\SEMESTER 5\framework lanjutan\FWLanjutan\vendor\laravel\framework\src\Illuminate\Routing\ControllerDispatcher.php(107): Illuminate\Routing\ControllerDispatcher->call(Object(Jamil\Skripsi\Http\Controllers\SkripsiController), Object(Illuminate\Routing\Route), 'index')
#8 [internal function]: Illuminate\Routing\ControllerDispatcher->Illuminate\Routing\{closure}(Object(Illuminate\Http\Request))
#9 D:\Jamil Al-idrus\My document\Materi Kuliah\SEMESTER 5\framework lanjutan\FWLanjutan\vendor\laravel\framework\src\Illuminate\Pipeline\Pipeline.php(141): call_user_func(Object(Closure), Object(Illuminate\Http\Request))
#10 [internal function]: Illuminate\Pipeline\Pipeline->Illuminate\Pipeline\{closure}(Object(Illuminate\Http\Request))
#11 D:\Jamil Al-idrus\My document\Materi Kuliah\SEMESTER 5\framework lanjutan\FWLanjutan\vendor\laravel\framework\src\Illuminate\Pipeline\Pipeline.php(101): call_user_func(Object(Closure), Object(Illuminate\Http\Request))
#12 D:\Jamil Al-idrus\My document\Materi Kuliah\SEMESTER 5\framework lanjutan\FWLanjutan\vendor\laravel\framework\src\Illuminate\Routing\ControllerDispatcher.php(108): Illuminate\Pipeline\Pipeline->then(Object(Closure))
#13 D:\Jamil Al-idrus\My document\Materi Kuliah\SEMESTER 5\framework lanjutan\FWLanjutan\vendor\laravel\framework\src\Illuminate\Routing\ControllerDispatcher.php(67): Illuminate\Routing\ControllerDispatcher->callWithinStack(Object(Jamil\Skripsi\Http\Controllers\SkripsiController), Object(Illuminate\Routing\Route), Object(Illuminate\Http\Request), 'index')
#14 D:\Jamil Al-idrus\My document\Materi Kuliah\SEMESTER 5\framework lanjutan\FWLanjutan\vendor\laravel\framework\src\Illuminate\Routing\Route.php(198): Illuminate\Routing\ControllerDispatcher->dispatch(Object(Illuminate\Routing\Route), Object(Illuminate\Http\Request), 'Jamil\\Skripsi\\H...', 'index')
#15 D:\Jamil Al-idrus\My document\Materi Kuliah\SEMESTER 5\framework lanjutan\FWLanjutan\vendor\laravel\framework\src\Illuminate\Routing\Route.php(131): Illuminate\Routing\Route->runWithCustomDispatcher(Object(Illuminate\Http\Request))
#16 D:\Jamil Al-idrus\My document\Materi Kuliah\SEMESTER 5\framework lanjutan\FWLanjutan\vendor\laravel\framework\src\Illuminate\Routing\Router.php(691): Illuminate\Routing\Route->run(Object(Illuminate\Http\Request))
#17 [internal function]: Illuminate\Routing\Router->Illuminate\Routing\{closure}(Object(Illuminate\Http\Request))
#18 D:\Jamil Al-idrus\My document\Materi Kuliah\SEMESTER 5\framework lanjutan\FWLanjutan\vendor\laravel\framework\src\Illuminate\Pipeline\Pipeline.php(141): call_user_func(Object(Closure), Object(Illuminate\Http\Request))
#19 [internal function]: Illuminate\Pipeline\Pipeline->Illuminate\Pipeline\{closure}(Object(Illuminate\Http\Request))
#20 D:\Jamil Al-idrus\My document\Materi Kuliah\SEMESTER 5\framework lanjutan\FWLanjutan\vendor\laravel\framework\src\Illuminate\Pipeline\Pipeline.php(101): call_user_func(Object(Closure), Object(Illuminate\Http\Request))
#21 D:\Jamil Al-idrus\My document\Materi Kuliah\SEMESTER 5\framework lanjutan\FWLanjutan\vendor\laravel\framework\src\Illuminate\Routing\Router.php(693): Illuminate\Pipeline\Pipeline->then(Object(Closure))
#22 D:\Jamil Al-idrus\My document\Materi Kuliah\SEMESTER 5\framework lanjutan\FWLanjutan\vendor\laravel\framework\src\Illuminate\Routing\Router.php(660): Illuminate\Routing\Router->runRouteWithinStack(Object(Illuminate\Routing\Route), Object(Illuminate\Http\Request))
#23 D:\Jamil Al-idrus\My document\Materi Kuliah\SEMESTER 5\framework lanjutan\FWLanjutan\vendor\laravel\framework\src\Illuminate\Routing\Router.php(618): Illuminate\Routing\Router->dispatchToRoute(Object(Illuminate\Http\Request))
#24 D:\Jamil Al-idrus\My document\Materi Kuliah\SEMESTER 5\framework lanjutan\FWLanjutan\vendor\laravel\framework\src\Illuminate\Foundation\Http\Kernel.php(210): Illuminate\Routing\Router->dispatch(Object(Illuminate\Http\Request))
#25 [internal function]: Illuminate\Foundation\Http\Kernel->Illuminate\Foundation\Http\{closure}(Object(Illuminate\Http\Request))
#26 D:\Jamil Al-idrus\My document\Materi Kuliah\SEMESTER 5\framework lanjutan\FWLanjutan\vendor\laravel\framework\src\Illuminate\Pipeline\Pipeline.php(141): call_user_func(Object(Closure), Object(Illuminate\Http\Request))
#27 D:\Jamil Al-idrus\My document\Materi Kuliah\SEMESTER 5\framework lanjutan\FWLanjutan\vendor\laravel\framework\src\Illuminate\Foundation\Http\Middleware\VerifyCsrfToken.php(43): Illuminate\Pipeline\Pipeline->Illuminate\Pipeline\{closure}(Object(Illuminate\Http\Request))
#28 D:\Jamil Al-idrus\My document\Materi Kuliah\SEMESTER 5\framework lanjutan\FWLanjutan\app\Http\Middleware\VerifyCsrfToken.php(17): Illuminate\Foundation\Http\Middleware\VerifyCsrfToken->handle(Object(Illuminate\Http\Request), Object(Closure))
#29 D:\Jamil Al-idrus\My document\Materi Kuliah\SEMESTER 5\framework lanjutan\FWLanjutan\vendor\laravel\framework\src\Illuminate\Pipeline\Pipeline.php(125): App\Http\Middleware\VerifyCsrfToken->handle(Object(Illuminate\Http\Request), Object(Closure))
#30 D:\Jamil Al-idrus\My document\Materi Kuliah\SEMESTER 5\framework lanjutan\FWLanjutan\vendor\laravel\framework\src\Illuminate\View\Middleware\ShareErrorsFromSession.php(55): Illuminate\Pipeline\Pipeline->Illuminate\Pipeline\{closure}(Object(Illuminate\Http\Request))
#31 D:\Jamil Al-idrus\My document\Materi Kuliah\SEMESTER 5\framework lanjutan\FWLanjutan\vendor\laravel\framework\src\Illuminate\Pipeline\Pipeline.php(125): Illuminate\View\Middleware\ShareErrorsFromSession->handle(Object(Illuminate\Http\Request), Object(Closure))
#32 D:\Jamil Al-idrus\My document\Materi Kuliah\SEMESTER 5\framework lanjutan\FWLanjutan\vendor\laravel\framework\src\Illuminate\Session\Middleware\StartSession.php(61): Illuminate\Pipeline\Pipeline->Illuminate\Pipeline\{closure}(Object(Illuminate\Http\Request))
#33 D:\Jamil Al-idrus\My document\Materi Kuliah\SEMESTER 5\framework lanjutan\FWLanjutan\vendor\laravel\framework\src\Illuminate\Pipeline\Pipeline.php(125): Illuminate\Session\Middleware\StartSession->handle(Object(Illuminate\Http\Request), Object(Closure))
#34 D:\Jamil Al-idrus\My document\Materi Kuliah\SEMESTER 5\framework lanjutan\FWLanjutan\vendor\laravel\framework\src\Illuminate\Cookie\Middleware\AddQueuedCookiesToResponse.php(36): Illuminate\Pipeline\Pipeline->Illuminate\Pipeline\{closure}(Object(Illuminate\Http\Request))
#35 D:\Jamil Al-idrus\My document\Materi Kuliah\SEMESTER 5\framework lanjutan\FWLanjutan\vendor\laravel\framework\src\Illuminate\Pipeline\Pipeline.php(125): Illuminate\Cookie\Middleware\AddQueuedCookiesToResponse->handle(Object(Illuminate\Http\Request), Object(Closure))
#36 D:\Jamil Al-idrus\My document\Materi Kuliah\SEMESTER 5\framework lanjutan\FWLanjutan\vendor\laravel\framework\src\Illuminate\Cookie\Middleware\EncryptCookies.php(40): Illuminate\Pipeline\Pipeline->Illuminate\Pipeline\{closure}(Object(Illuminate\Http\Request))
#37 D:\Jamil Al-idrus\My document\Materi Kuliah\SEMESTER 5\framework lanjutan\FWLanjutan\vendor\laravel\framework\src\Illuminate\Pipeline\Pipeline.php(125): Illuminate\Cookie\Middleware\EncryptCookies->handle(Object(Illuminate\Http\Request), Object(Closure))
#38 D:\Jamil Al-idrus\My document\Materi Kuliah\SEMESTER 5\framework lanjutan\FWLanjutan\vendor\laravel\framework\src\Illuminate\Foundation\Http\Middleware\CheckForMaintenanceMode.php(42): Illuminate\Pipeline\Pipeline->Illuminate\Pipeline\{closure}(Object(Illuminate\Http\Request))
#39 D:\Jamil Al-idrus\My document\Materi Kuliah\SEMESTER 5\framework lanjutan\FWLanjutan\vendor\laravel\framework\src\Illuminate\Pipeline\Pipeline.php(125): Illuminate\Foundation\Http\Middleware\CheckForMaintenanceMode->handle(Object(Illuminate\Http\Request), Object(Closure))
#40 [internal function]: Illuminate\Pipeline\Pipeline->Illuminate\Pipeline\{closure}(Object(Illuminate\Http\Request))
#41 D:\Jamil Al-idrus\My document\Materi Kuliah\SEMESTER 5\framework lanjutan\FWLanjutan\vendor\laravel\framework\src\Illuminate\Pipeline\Pipeline.php(101): call_user_func(Object(Closure), Object(Illuminate\Http\Request))
#42 D:\Jamil Al-idrus\My document\Materi Kuliah\SEMESTER 5\framework lanjutan\FWLanjutan\vendor\laravel\framework\src\Illuminate\Foundation\Http\Kernel.php(111): Illuminate\Pipeline\Pipeline->then(Object(Closure))
#43 D:\Jamil Al-idrus\My document\Materi Kuliah\SEMESTER 5\framework lanjutan\FWLanjutan\vendor\laravel\framework\src\Illuminate\Foundation\Http\Kernel.php(84): Illuminate\Foundation\Http\Kernel->sendRequestThroughRouter(Object(Illuminate\Http\Request))
#44 D:\Jamil Al-idrus\My document\Materi Kuliah\SEMESTER 5\framework lanjutan\FWLanjutan\public\index.php(53): Illuminate\Foundation\Http\Kernel->handle(Object(Illuminate\Http\Request))
#45 D:\Jamil Al-idrus\My document\Materi Kuliah\SEMESTER 5\framework lanjutan\FWLanjutan\server.php(21): require_once('D:\\Jamil Al-idr...')
#46 {main}  
[2015-12-17 06:48:49] local.ERROR: exception 'InvalidArgumentException' with message 'View [Skripsi.Resources.View.index] not found.' in D:\Jamil Al-idrus\My document\Materi Kuliah\SEMESTER 5\framework lanjutan\FWLanjutan\vendor\laravel\framework\src\Illuminate\View\FileViewFinder.php:140
Stack trace:
#0 D:\Jamil Al-idrus\My document\Materi Kuliah\SEMESTER 5\framework lanjutan\FWLanjutan\vendor\laravel\framework\src\Illuminate\View\FileViewFinder.php(77): Illuminate\View\FileViewFinder->findInPaths('Skripsi.Resourc...', Array)
#1 D:\Jamil Al-idrus\My document\Materi Kuliah\SEMESTER 5\framework lanjutan\FWLanjutan\vendor\laravel\framework\src\Illuminate\View\Factory.php(145): Illuminate\View\FileViewFinder->find('Skripsi.Resourc...')
#2 D:\Jamil Al-idrus\My document\Materi Kuliah\SEMESTER 5\framework lanjutan\FWLanjutan\vendor\laravel\framework\src\Illuminate\Foundation\helpers.php(565): Illuminate\View\Factory->make('Skripsi.Resourc...', Array, Array)
#3 D:\Jamil Al-idrus\My document\Materi Kuliah\SEMESTER 5\framework lanjutan\FWLanjutan\src\Jamil\Skripsi\Http\Controllers\SkripsiController.php(11): view('Skripsi.Resourc...')
#4 [internal function]: Jamil\Skripsi\Http\Controllers\SkripsiController->index()
#5 D:\Jamil Al-idrus\My document\Materi Kuliah\SEMESTER 5\framework lanjutan\FWLanjutan\vendor\laravel\framework\src\Illuminate\Routing\Controller.php(246): call_user_func_array(Array, Array)
#6 D:\Jamil Al-idrus\My document\Materi Kuliah\SEMESTER 5\framework lanjutan\FWLanjutan\vendor\laravel\framework\src\Illuminate\Routing\ControllerDispatcher.php(162): Illuminate\Routing\Controller->callAction('index', Array)
#7 D:\Jamil Al-idrus\My document\Materi Kuliah\SEMESTER 5\framework lanjutan\FWLanjutan\vendor\laravel\framework\src\Illuminate\Routing\ControllerDispatcher.php(107): Illuminate\Routing\ControllerDispatcher->call(Object(Jamil\Skripsi\Http\Controllers\SkripsiController), Object(Illuminate\Routing\Route), 'index')
#8 [internal function]: Illuminate\Routing\ControllerDispatcher->Illuminate\Routing\{closure}(Object(Illuminate\Http\Request))
#9 D:\Jamil Al-idrus\My document\Materi Kuliah\SEMESTER 5\framework lanjutan\FWLanjutan\vendor\laravel\framework\src\Illuminate\Pipeline\Pipeline.php(141): call_user_func(Object(Closure), Object(Illuminate\Http\Request))
#10 [internal function]: Illuminate\Pipeline\Pipeline->Illuminate\Pipeline\{closure}(Object(Illuminate\Http\Request))
#11 D:\Jamil Al-idrus\My document\Materi Kuliah\SEMESTER 5\framework lanjutan\FWLanjutan\vendor\laravel\framework\src\Illuminate\Pipeline\Pipeline.php(101): call_user_func(Object(Closure), Object(Illuminate\Http\Request))
#12 D:\Jamil Al-idrus\My document\Materi Kuliah\SEMESTER 5\framework lanjutan\FWLanjutan\vendor\laravel\framework\src\Illuminate\Routing\ControllerDispatcher.php(108): Illuminate\Pipeline\Pipeline->then(Object(Closure))
#13 D:\Jamil Al-idrus\My document\Materi Kuliah\SEMESTER 5\framework lanjutan\FWLanjutan\vendor\laravel\framework\src\Illuminate\Routing\ControllerDispatcher.php(67): Illuminate\Routing\ControllerDispatcher->callWithinStack(Object(Jamil\Skripsi\Http\Controllers\SkripsiController), Object(Illuminate\Routing\Route), Object(Illuminate\Http\Request), 'index')
#14 D:\Jamil Al-idrus\My document\Materi Kuliah\SEMESTER 5\framework lanjutan\FWLanjutan\vendor\laravel\framework\src\Illuminate\Routing\Route.php(198): Illuminate\Routing\ControllerDispatcher->dispatch(Object(Illuminate\Routing\Route), Object(Illuminate\Http\Request), 'Jamil\\Skripsi\\H...', 'index')
#15 D:\Jamil Al-idrus\My document\Materi Kuliah\SEMESTER 5\framework lanjutan\FWLanjutan\vendor\laravel\framework\src\Illuminate\Routing\Route.php(131): Illuminate\Routing\Route->runWithCustomDispatcher(Object(Illuminate\Http\Request))
#16 D:\Jamil Al-idrus\My document\Materi Kuliah\SEMESTER 5\framework lanjutan\FWLanjutan\vendor\laravel\framework\src\Illuminate\Routing\Router.php(691): Illuminate\Routing\Route->run(Object(Illuminate\Http\Request))
#17 [internal function]: Illuminate\Routing\Router->Illuminate\Routing\{closure}(Object(Illuminate\Http\Request))
#18 D:\Jamil Al-idrus\My document\Materi Kuliah\SEMESTER 5\framework lanjutan\FWLanjutan\vendor\laravel\framework\src\Illuminate\Pipeline\Pipeline.php(141): call_user_func(Object(Closure), Object(Illuminate\Http\Request))
#19 [internal function]: Illuminate\Pipeline\Pipeline->Illuminate\Pipeline\{closure}(Object(Illuminate\Http\Request))
#20 D:\Jamil Al-idrus\My document\Materi Kuliah\SEMESTER 5\framework lanjutan\FWLanjutan\vendor\laravel\framework\src\Illuminate\Pipeline\Pipeline.php(101): call_user_func(Object(Closure), Object(Illuminate\Http\Request))
#21 D:\Jamil Al-idrus\My document\Materi Kuliah\SEMESTER 5\framework lanjutan\FWLanjutan\vendor\laravel\framework\src\Illuminate\Routing\Router.php(693): Illuminate\Pipeline\Pipeline->then(Object(Closure))
#22 D:\Jamil Al-idrus\My document\Materi Kuliah\SEMESTER 5\framework lanjutan\FWLanjutan\vendor\laravel\framework\src\Illuminate\Routing\Router.php(660): Illuminate\Routing\Router->runRouteWithinStack(Object(Illuminate\Routing\Route), Object(Illuminate\Http\Request))
#23 D:\Jamil Al-idrus\My document\Materi Kuliah\SEMESTER 5\framework lanjutan\FWLanjutan\vendor\laravel\framework\src\Illuminate\Routing\Router.php(618): Illuminate\Routing\Router->dispatchToRoute(Object(Illuminate\Http\Request))
#24 D:\Jamil Al-idrus\My document\Materi Kuliah\SEMESTER 5\framework lanjutan\FWLanjutan\vendor\laravel\framework\src\Illuminate\Foundation\Http\Kernel.php(210): Illuminate\Routing\Router->dispatch(Object(Illuminate\Http\Request))
#25 [internal function]: Illuminate\Foundation\Http\Kernel->Illuminate\Foundation\Http\{closure}(Object(Illuminate\Http\Request))
#26 D:\Jamil Al-idrus\My document\Materi Kuliah\SEMESTER 5\framework lanjutan\FWLanjutan\vendor\laravel\framework\src\Illuminate\Pipeline\Pipeline.php(141): call_user_func(Object(Closure), Object(Illuminate\Http\Request))
#27 D:\Jamil Al-idrus\My document\Materi Kuliah\SEMESTER 5\framework lanjutan\FWLanjutan\vendor\laravel\framework\src\Illuminate\Foundation\Http\Middleware\VerifyCsrfToken.php(43): Illuminate\Pipeline\Pipeline->Illuminate\Pipeline\{closure}(Object(Illuminate\Http\Request))
#28 D:\Jamil Al-idrus\My document\Materi Kuliah\SEMESTER 5\framework lanjutan\FWLanjutan\app\Http\Middleware\VerifyCsrfToken.php(17): Illuminate\Foundation\Http\Middleware\VerifyCsrfToken->handle(Object(Illuminate\Http\Request), Object(Closure))
#29 D:\Jamil Al-idrus\My document\Materi Kuliah\SEMESTER 5\framework lanjutan\FWLanjutan\vendor\laravel\framework\src\Illuminate\Pipeline\Pipeline.php(125): App\Http\Middleware\VerifyCsrfToken->handle(Object(Illuminate\Http\Request), Object(Closure))
#30 D:\Jamil Al-idrus\My document\Materi Kuliah\SEMESTER 5\framework lanjutan\FWLanjutan\vendor\laravel\framework\src\Illuminate\View\Middleware\ShareErrorsFromSession.php(55): Illuminate\Pipeline\Pipeline->Illuminate\Pipeline\{closure}(Object(Illuminate\Http\Request))
#31 D:\Jamil Al-idrus\My document\Materi Kuliah\SEMESTER 5\framework lanjutan\FWLanjutan\vendor\laravel\framework\src\Illuminate\Pipeline\Pipeline.php(125): Illuminate\View\Middleware\ShareErrorsFromSession->handle(Object(Illuminate\Http\Request), Object(Closure))
#32 D:\Jamil Al-idrus\My document\Materi Kuliah\SEMESTER 5\framework lanjutan\FWLanjutan\vendor\laravel\framework\src\Illuminate\Session\Middleware\StartSession.php(61): Illuminate\Pipeline\Pipeline->Illuminate\Pipeline\{closure}(Object(Illuminate\Http\Request))
#33 D:\Jamil Al-idrus\My document\Materi Kuliah\SEMESTER 5\framework lanjutan\FWLanjutan\vendor\laravel\framework\src\Illuminate\Pipeline\Pipeline.php(125): Illuminate\Session\Middleware\StartSession->handle(Object(Illuminate\Http\Request), Object(Closure))
#34 D:\Jamil Al-idrus\My document\Materi Kuliah\SEMESTER 5\framework lanjutan\FWLanjutan\vendor\laravel\framework\src\Illuminate\Cookie\Middleware\AddQueuedCookiesToResponse.php(36): Illuminate\Pipeline\Pipeline->Illuminate\Pipeline\{closure}(Object(Illuminate\Http\Request))
#35 D:\Jamil Al-idrus\My document\Materi Kuliah\SEMESTER 5\framework lanjutan\FWLanjutan\vendor\laravel\framework\src\Illuminate\Pipeline\Pipeline.php(125): Illuminate\Cookie\Middleware\AddQueuedCookiesToResponse->handle(Object(Illuminate\Http\Request), Object(Closure))
#36 D:\Jamil Al-idrus\My document\Materi Kuliah\SEMESTER 5\framework lanjutan\FWLanjutan\vendor\laravel\framework\src\Illuminate\Cookie\Middleware\EncryptCookies.php(40): Illuminate\Pipeline\Pipeline->Illuminate\Pipeline\{closure}(Object(Illuminate\Http\Request))
#37 D:\Jamil Al-idrus\My document\Materi Kuliah\SEMESTER 5\framework lanjutan\FWLanjutan\vendor\laravel\framework\src\Illuminate\Pipeline\Pipeline.php(125): Illuminate\Cookie\Middleware\EncryptCookies->handle(Object(Illuminate\Http\Request), Object(Closure))
#38 D:\Jamil Al-idrus\My document\Materi Kuliah\SEMESTER 5\framework lanjutan\FWLanjutan\vendor\laravel\framework\src\Illuminate\Foundation\Http\Middleware\CheckForMaintenanceMode.php(42): Illuminate\Pipeline\Pipeline->Illuminate\Pipeline\{closure}(Object(Illuminate\Http\Request))
#39 D:\Jamil Al-idrus\My document\Materi Kuliah\SEMESTER 5\framework lanjutan\FWLanjutan\vendor\laravel\framework\src\Illuminate\Pipeline\Pipeline.php(125): Illuminate\Foundation\Http\Middleware\CheckForMaintenanceMode->handle(Object(Illuminate\Http\Request), Object(Closure))
#40 [internal function]: Illuminate\Pipeline\Pipeline->Illuminate\Pipeline\{closure}(Object(Illuminate\Http\Request))
#41 D:\Jamil Al-idrus\My document\Materi Kuliah\SEMESTER 5\framework lanjutan\FWLanjutan\vendor\laravel\framework\src\Illuminate\Pipeline\Pipeline.php(101): call_user_func(Object(Closure), Object(Illuminate\Http\Request))
#42 D:\Jamil Al-idrus\My document\Materi Kuliah\SEMESTER 5\framework lanjutan\FWLanjutan\vendor\laravel\framework\src\Illuminate\Foundation\Http\Kernel.php(111): Illuminate\Pipeline\Pipeline->then(Object(Closure))
#43 D:\Jamil Al-idrus\My document\Materi Kuliah\SEMESTER 5\framework lanjutan\FWLanjutan\vendor\laravel\framework\src\Illuminate\Foundation\Http\Kernel.php(84): Illuminate\Foundation\Http\Kernel->sendRequestThroughRouter(Object(Illuminate\Http\Request))
#44 D:\Jamil Al-idrus\My document\Materi Kuliah\SEMESTER 5\framework lanjutan\FWLanjutan\public\index.php(53): Illuminate\Foundation\Http\Kernel->handle(Object(Illuminate\Http\Request))
#45 D:\Jamil Al-idrus\My document\Materi Kuliah\SEMESTER 5\framework lanjutan\FWLanjutan\server.php(21): require_once('D:\\Jamil Al-idr...')
#46 {main}  
[2015-12-17 06:49:09] local.ERROR: exception 'InvalidArgumentException' with message 'View [Jamil.Skripsi.Resources.View.index] not found.' in D:\Jamil Al-idrus\My document\Materi Kuliah\SEMESTER 5\framework lanjutan\FWLanjutan\vendor\laravel\framework\src\Illuminate\View\FileViewFinder.php:140
Stack trace:
#0 D:\Jamil Al-idrus\My document\Materi Kuliah\SEMESTER 5\framework lanjutan\FWLanjutan\vendor\laravel\framework\src\Illuminate\View\FileViewFinder.php(77): Illuminate\View\FileViewFinder->findInPaths('Jamil.Skripsi.R...', Array)
#1 D:\Jamil Al-idrus\My document\Materi Kuliah\SEMESTER 5\framework lanjutan\FWLanjutan\vendor\laravel\framework\src\Illuminate\View\Factory.php(145): Illuminate\View\FileViewFinder->find('Jamil.Skripsi.R...')
#2 D:\Jamil Al-idrus\My document\Materi Kuliah\SEMESTER 5\framework lanjutan\FWLanjutan\vendor\laravel\framework\src\Illuminate\Foundation\helpers.php(565): Illuminate\View\Factory->make('Jamil.Skripsi.R...', Array, Array)
#3 D:\Jamil Al-idrus\My document\Materi Kuliah\SEMESTER 5\framework lanjutan\FWLanjutan\src\Jamil\Skripsi\Http\Controllers\SkripsiController.php(11): view('Jamil.Skripsi.R...')
#4 [internal function]: Jamil\Skripsi\Http\Controllers\SkripsiController->index()
#5 D:\Jamil Al-idrus\My document\Materi Kuliah\SEMESTER 5\framework lanjutan\FWLanjutan\vendor\laravel\framework\src\Illuminate\Routing\Controller.php(246): call_user_func_array(Array, Array)
#6 D:\Jamil Al-idrus\My document\Materi Kuliah\SEMESTER 5\framework lanjutan\FWLanjutan\vendor\laravel\framework\src\Illuminate\Routing\ControllerDispatcher.php(162): Illuminate\Routing\Controller->callAction('index', Array)
#7 D:\Jamil Al-idrus\My document\Materi Kuliah\SEMESTER 5\framework lanjutan\FWLanjutan\vendor\laravel\framework\src\Illuminate\Routing\ControllerDispatcher.php(107): Illuminate\Routing\ControllerDispatcher->call(Object(Jamil\Skripsi\Http\Controllers\SkripsiController), Object(Illuminate\Routing\Route), 'index')
#8 [internal function]: Illuminate\Routing\ControllerDispatcher->Illuminate\Routing\{closure}(Object(Illuminate\Http\Request))
#9 D:\Jamil Al-idrus\My document\Materi Kuliah\SEMESTER 5\framework lanjutan\FWLanjutan\vendor\laravel\framework\src\Illuminate\Pipeline\Pipeline.php(141): call_user_func(Object(Closure), Object(Illuminate\Http\Request))
#10 [internal function]: Illuminate\Pipeline\Pipeline->Illuminate\Pipeline\{closure}(Object(Illuminate\Http\Request))
#11 D:\Jamil Al-idrus\My document\Materi Kuliah\SEMESTER 5\framework lanjutan\FWLanjutan\vendor\laravel\framework\src\Illuminate\Pipeline\Pipeline.php(101): call_user_func(Object(Closure), Object(Illuminate\Http\Request))
#12 D:\Jamil Al-idrus\My document\Materi Kuliah\SEMESTER 5\framework lanjutan\FWLanjutan\vendor\laravel\framework\src\Illuminate\Routing\ControllerDispatcher.php(108): Illuminate\Pipeline\Pipeline->then(Object(Closure))
#13 D:\Jamil Al-idrus\My document\Materi Kuliah\SEMESTER 5\framework lanjutan\FWLanjutan\vendor\laravel\framework\src\Illuminate\Routing\ControllerDispatcher.php(67): Illuminate\Routing\ControllerDispatcher->callWithinStack(Object(Jamil\Skripsi\Http\Controllers\SkripsiController), Object(Illuminate\Routing\Route), Object(Illuminate\Http\Request), 'index')
#14 D:\Jamil Al-idrus\My document\Materi Kuliah\SEMESTER 5\framework lanjutan\FWLanjutan\vendor\laravel\framework\src\Illuminate\Routing\Route.php(198): Illuminate\Routing\ControllerDispatcher->dispatch(Object(Illuminate\Routing\Route), Object(Illuminate\Http\Request), 'Jamil\\Skripsi\\H...', 'index')
#15 D:\Jamil Al-idrus\My document\Materi Kuliah\SEMESTER 5\framework lanjutan\FWLanjutan\vendor\laravel\framework\src\Illuminate\Routing\Route.php(131): Illuminate\Routing\Route->runWithCustomDispatcher(Object(Illuminate\Http\Request))
#16 D:\Jamil Al-idrus\My document\Materi Kuliah\SEMESTER 5\framework lanjutan\FWLanjutan\vendor\laravel\framework\src\Illuminate\Routing\Router.php(691): Illuminate\Routing\Route->run(Object(Illuminate\Http\Request))
#17 [internal function]: Illuminate\Routing\Router->Illuminate\Routing\{closure}(Object(Illuminate\Http\Request))
#18 D:\Jamil Al-idrus\My document\Materi Kuliah\SEMESTER 5\framework lanjutan\FWLanjutan\vendor\laravel\framework\src\Illuminate\Pipeline\Pipeline.php(141): call_user_func(Object(Closure), Object(Illuminate\Http\Request))
#19 [internal function]: Illuminate\Pipeline\Pipeline->Illuminate\Pipeline\{closure}(Object(Illuminate\Http\Request))
#20 D:\Jamil Al-idrus\My document\Materi Kuliah\SEMESTER 5\framework lanjutan\FWLanjutan\vendor\laravel\framework\src\Illuminate\Pipeline\Pipeline.php(101): call_user_func(Object(Closure), Object(Illuminate\Http\Request))
#21 D:\Jamil Al-idrus\My document\Materi Kuliah\SEMESTER 5\framework lanjutan\FWLanjutan\vendor\laravel\framework\src\Illuminate\Routing\Router.php(693): Illuminate\Pipeline\Pipeline->then(Object(Closure))
#22 D:\Jamil Al-idrus\My document\Materi Kuliah\SEMESTER 5\framework lanjutan\FWLanjutan\vendor\laravel\framework\src\Illuminate\Routing\Router.php(660): Illuminate\Routing\Router->runRouteWithinStack(Object(Illuminate\Routing\Route), Object(Illuminate\Http\Request))
#23 D:\Jamil Al-idrus\My document\Materi Kuliah\SEMESTER 5\framework lanjutan\FWLanjutan\vendor\laravel\framework\src\Illuminate\Routing\Router.php(618): Illuminate\Routing\Router->dispatchToRoute(Object(Illuminate\Http\Request))
#24 D:\Jamil Al-idrus\My document\Materi Kuliah\SEMESTER 5\framework lanjutan\FWLanjutan\vendor\laravel\framework\src\Illuminate\Foundation\Http\Kernel.php(210): Illuminate\Routing\Router->dispatch(Object(Illuminate\Http\Request))
#25 [internal function]: Illuminate\Foundation\Http\Kernel->Illuminate\Foundation\Http\{closure}(Object(Illuminate\Http\Request))
#26 D:\Jamil Al-idrus\My document\Materi Kuliah\SEMESTER 5\framework lanjutan\FWLanjutan\vendor\laravel\framework\src\Illuminate\Pipeline\Pipeline.php(141): call_user_func(Object(Closure), Object(Illuminate\Http\Request))
#27 D:\Jamil Al-idrus\My document\Materi Kuliah\SEMESTER 5\framework lanjutan\FWLanjutan\vendor\laravel\framework\src\Illuminate\Foundation\Http\Middleware\VerifyCsrfToken.php(43): Illuminate\Pipeline\Pipeline->Illuminate\Pipeline\{closure}(Object(Illuminate\Http\Request))
#28 D:\Jamil Al-idrus\My document\Materi Kuliah\SEMESTER 5\framework lanjutan\FWLanjutan\app\Http\Middleware\VerifyCsrfToken.php(17): Illuminate\Foundation\Http\Middleware\VerifyCsrfToken->handle(Object(Illuminate\Http\Request), Object(Closure))
#29 D:\Jamil Al-idrus\My document\Materi Kuliah\SEMESTER 5\framework lanjutan\FWLanjutan\vendor\laravel\framework\src\Illuminate\Pipeline\Pipeline.php(125): App\Http\Middleware\VerifyCsrfToken->handle(Object(Illuminate\Http\Request), Object(Closure))
#30 D:\Jamil Al-idrus\My document\Materi Kuliah\SEMESTER 5\framework lanjutan\FWLanjutan\vendor\laravel\framework\src\Illuminate\View\Middleware\ShareErrorsFromSession.php(55): Illuminate\Pipeline\Pipeline->Illuminate\Pipeline\{closure}(Object(Illuminate\Http\Request))
#31 D:\Jamil Al-idrus\My document\Materi Kuliah\SEMESTER 5\framework lanjutan\FWLanjutan\vendor\laravel\framework\src\Illuminate\Pipeline\Pipeline.php(125): Illuminate\View\Middleware\ShareErrorsFromSession->handle(Object(Illuminate\Http\Request), Object(Closure))
#32 D:\Jamil Al-idrus\My document\Materi Kuliah\SEMESTER 5\framework lanjutan\FWLanjutan\vendor\laravel\framework\src\Illuminate\Session\Middleware\StartSession.php(61): Illuminate\Pipeline\Pipeline->Illuminate\Pipeline\{closure}(Object(Illuminate\Http\Request))
#33 D:\Jamil Al-idrus\My document\Materi Kuliah\SEMESTER 5\framework lanjutan\FWLanjutan\vendor\laravel\framework\src\Illuminate\Pipeline\Pipeline.php(125): Illuminate\Session\Middleware\StartSession->handle(Object(Illuminate\Http\Request), Object(Closure))
#34 D:\Jamil Al-idrus\My document\Materi Kuliah\SEMESTER 5\framework lanjutan\FWLanjutan\vendor\laravel\framework\src\Illuminate\Cookie\Middleware\AddQueuedCookiesToResponse.php(36): Illuminate\Pipeline\Pipeline->Illuminate\Pipeline\{closure}(Object(Illuminate\Http\Request))
#35 D:\Jamil Al-idrus\My document\Materi Kuliah\SEMESTER 5\framework lanjutan\FWLanjutan\vendor\laravel\framework\src\Illuminate\Pipeline\Pipeline.php(125): Illuminate\Cookie\Middleware\AddQueuedCookiesToResponse->handle(Object(Illuminate\Http\Request), Object(Closure))
#36 D:\Jamil Al-idrus\My document\Materi Kuliah\SEMESTER 5\framework lanjutan\FWLanjutan\vendor\laravel\framework\src\Illuminate\Cookie\Middleware\EncryptCookies.php(40): Illuminate\Pipeline\Pipeline->Illuminate\Pipeline\{closure}(Object(Illuminate\Http\Request))
#37 D:\Jamil Al-idrus\My document\Materi Kuliah\SEMESTER 5\framework lanjutan\FWLanjutan\vendor\laravel\framework\src\Illuminate\Pipeline\Pipeline.php(125): Illuminate\Cookie\Middleware\EncryptCookies->handle(Object(Illuminate\Http\Request), Object(Closure))
#38 D:\Jamil Al-idrus\My document\Materi Kuliah\SEMESTER 5\framework lanjutan\FWLanjutan\vendor\laravel\framework\src\Illuminate\Foundation\Http\Middleware\CheckForMaintenanceMode.php(42): Illuminate\Pipeline\Pipeline->Illuminate\Pipeline\{closure}(Object(Illuminate\Http\Request))
#39 D:\Jamil Al-idrus\My document\Materi Kuliah\SEMESTER 5\framework lanjutan\FWLanjutan\vendor\laravel\framework\src\Illuminate\Pipeline\Pipeline.php(125): Illuminate\Foundation\Http\Middleware\CheckForMaintenanceMode->handle(Object(Illuminate\Http\Request), Object(Closure))
#40 [internal function]: Illuminate\Pipeline\Pipeline->Illuminate\Pipeline\{closure}(Object(Illuminate\Http\Request))
#41 D:\Jamil Al-idrus\My document\Materi Kuliah\SEMESTER 5\framework lanjutan\FWLanjutan\vendor\laravel\framework\src\Illuminate\Pipeline\Pipeline.php(101): call_user_func(Object(Closure), Object(Illuminate\Http\Request))
#42 D:\Jamil Al-idrus\My document\Materi Kuliah\SEMESTER 5\framework lanjutan\FWLanjutan\vendor\laravel\framework\src\Illuminate\Foundation\Http\Kernel.php(111): Illuminate\Pipeline\Pipeline->then(Object(Closure))
#43 D:\Jamil Al-idrus\My document\Materi Kuliah\SEMESTER 5\framework lanjutan\FWLanjutan\vendor\laravel\framework\src\Illuminate\Foundation\Http\Kernel.php(84): Illuminate\Foundation\Http\Kernel->sendRequestThroughRouter(Object(Illuminate\Http\Request))
#44 D:\Jamil Al-idrus\My document\Materi Kuliah\SEMESTER 5\framework lanjutan\FWLanjutan\public\index.php(53): Illuminate\Foundation\Http\Kernel->handle(Object(Illuminate\Http\Request))
#45 D:\Jamil Al-idrus\My document\Materi Kuliah\SEMESTER 5\framework lanjutan\FWLanjutan\server.php(21): require_once('D:\\Jamil Al-idr...')
#46 {main}  
[2015-12-17 06:49:16] local.ERROR: exception 'InvalidArgumentException' with message 'View [src.Jamil.Skripsi.Resources.View.index] not found.' in D:\Jamil Al-idrus\My document\Materi Kuliah\SEMESTER 5\framework lanjutan\FWLanjutan\vendor\laravel\framework\src\Illuminate\View\FileViewFinder.php:140
Stack trace:
#0 D:\Jamil Al-idrus\My document\Materi Kuliah\SEMESTER 5\framework lanjutan\FWLanjutan\vendor\laravel\framework\src\Illuminate\View\FileViewFinder.php(77): Illuminate\View\FileViewFinder->findInPaths('src.Jamil.Skrip...', Array)
#1 D:\Jamil Al-idrus\My document\Materi Kuliah\SEMESTER 5\framework lanjutan\FWLanjutan\vendor\laravel\framework\src\Illuminate\View\Factory.php(145): Illuminate\View\FileViewFinder->find('src.Jamil.Skrip...')
#2 D:\Jamil Al-idrus\My document\Materi Kuliah\SEMESTER 5\framework lanjutan\FWLanjutan\vendor\laravel\framework\src\Illuminate\Foundation\helpers.php(565): Illuminate\View\Factory->make('src.Jamil.Skrip...', Array, Array)
#3 D:\Jamil Al-idrus\My document\Materi Kuliah\SEMESTER 5\framework lanjutan\FWLanjutan\src\Jamil\Skripsi\Http\Controllers\SkripsiController.php(11): view('src.Jamil.Skrip...')
#4 [internal function]: Jamil\Skripsi\Http\Controllers\SkripsiController->index()
#5 D:\Jamil Al-idrus\My document\Materi Kuliah\SEMESTER 5\framework lanjutan\FWLanjutan\vendor\laravel\framework\src\Illuminate\Routing\Controller.php(246): call_user_func_array(Array, Array)
#6 D:\Jamil Al-idrus\My document\Materi Kuliah\SEMESTER 5\framework lanjutan\FWLanjutan\vendor\laravel\framework\src\Illuminate\Routing\ControllerDispatcher.php(162): Illuminate\Routing\Controller->callAction('index', Array)
#7 D:\Jamil Al-idrus\My document\Materi Kuliah\SEMESTER 5\framework lanjutan\FWLanjutan\vendor\laravel\framework\src\Illuminate\Routing\ControllerDispatcher.php(107): Illuminate\Routing\ControllerDispatcher->call(Object(Jamil\Skripsi\Http\Controllers\SkripsiController), Object(Illuminate\Routing\Route), 'index')
#8 [internal function]: Illuminate\Routing\ControllerDispatcher->Illuminate\Routing\{closure}(Object(Illuminate\Http\Request))
#9 D:\Jamil Al-idrus\My document\Materi Kuliah\SEMESTER 5\framework lanjutan\FWLanjutan\vendor\laravel\framework\src\Illuminate\Pipeline\Pipeline.php(141): call_user_func(Object(Closure), Object(Illuminate\Http\Request))
#10 [internal function]: Illuminate\Pipeline\Pipeline->Illuminate\Pipeline\{closure}(Object(Illuminate\Http\Request))
#11 D:\Jamil Al-idrus\My document\Materi Kuliah\SEMESTER 5\framework lanjutan\FWLanjutan\vendor\laravel\framework\src\Illuminate\Pipeline\Pipeline.php(101): call_user_func(Object(Closure), Object(Illuminate\Http\Request))
#12 D:\Jamil Al-idrus\My document\Materi Kuliah\SEMESTER 5\framework lanjutan\FWLanjutan\vendor\laravel\framework\src\Illuminate\Routing\ControllerDispatcher.php(108): Illuminate\Pipeline\Pipeline->then(Object(Closure))
#13 D:\Jamil Al-idrus\My document\Materi Kuliah\SEMESTER 5\framework lanjutan\FWLanjutan\vendor\laravel\framework\src\Illuminate\Routing\ControllerDispatcher.php(67): Illuminate\Routing\ControllerDispatcher->callWithinStack(Object(Jamil\Skripsi\Http\Controllers\SkripsiController), Object(Illuminate\Routing\Route), Object(Illuminate\Http\Request), 'index')
#14 D:\Jamil Al-idrus\My document\Materi Kuliah\SEMESTER 5\framework lanjutan\FWLanjutan\vendor\laravel\framework\src\Illuminate\Routing\Route.php(198): Illuminate\Routing\ControllerDispatcher->dispatch(Object(Illuminate\Routing\Route), Object(Illuminate\Http\Request), 'Jamil\\Skripsi\\H...', 'index')
#15 D:\Jamil Al-idrus\My document\Materi Kuliah\SEMESTER 5\framework lanjutan\FWLanjutan\vendor\laravel\framework\src\Illuminate\Routing\Route.php(131): Illuminate\Routing\Route->runWithCustomDispatcher(Object(Illuminate\Http\Request))
#16 D:\Jamil Al-idrus\My document\Materi Kuliah\SEMESTER 5\framework lanjutan\FWLanjutan\vendor\laravel\framework\src\Illuminate\Routing\Router.php(691): Illuminate\Routing\Route->run(Object(Illuminate\Http\Request))
#17 [internal function]: Illuminate\Routing\Router->Illuminate\Routing\{closure}(Object(Illuminate\Http\Request))
#18 D:\Jamil Al-idrus\My document\Materi Kuliah\SEMESTER 5\framework lanjutan\FWLanjutan\vendor\laravel\framework\src\Illuminate\Pipeline\Pipeline.php(141): call_user_func(Object(Closure), Object(Illuminate\Http\Request))
#19 [internal function]: Illuminate\Pipeline\Pipeline->Illuminate\Pipeline\{closure}(Object(Illuminate\Http\Request))
#20 D:\Jamil Al-idrus\My document\Materi Kuliah\SEMESTER 5\framework lanjutan\FWLanjutan\vendor\laravel\framework\src\Illuminate\Pipeline\Pipeline.php(101): call_user_func(Object(Closure), Object(Illuminate\Http\Request))
#21 D:\Jamil Al-idrus\My document\Materi Kuliah\SEMESTER 5\framework lanjutan\FWLanjutan\vendor\laravel\framework\src\Illuminate\Routing\Router.php(693): Illuminate\Pipeline\Pipeline->then(Object(Closure))
#22 D:\Jamil Al-idrus\My document\Materi Kuliah\SEMESTER 5\framework lanjutan\FWLanjutan\vendor\laravel\framework\src\Illuminate\Routing\Router.php(660): Illuminate\Routing\Router->runRouteWithinStack(Object(Illuminate\Routing\Route), Object(Illuminate\Http\Request))
#23 D:\Jamil Al-idrus\My document\Materi Kuliah\SEMESTER 5\framework lanjutan\FWLanjutan\vendor\laravel\framework\src\Illuminate\Routing\Router.php(618): Illuminate\Routing\Router->dispatchToRoute(Object(Illuminate\Http\Request))
#24 D:\Jamil Al-idrus\My document\Materi Kuliah\SEMESTER 5\framework lanjutan\FWLanjutan\vendor\laravel\framework\src\Illuminate\Foundation\Http\Kernel.php(210): Illuminate\Routing\Router->dispatch(Object(Illuminate\Http\Request))
#25 [internal function]: Illuminate\Foundation\Http\Kernel->Illuminate\Foundation\Http\{closure}(Object(Illuminate\Http\Request))
#26 D:\Jamil Al-idrus\My document\Materi Kuliah\SEMESTER 5\framework lanjutan\FWLanjutan\vendor\laravel\framework\src\Illuminate\Pipeline\Pipeline.php(141): call_user_func(Object(Closure), Object(Illuminate\Http\Request))
#27 D:\Jamil Al-idrus\My document\Materi Kuliah\SEMESTER 5\framework lanjutan\FWLanjutan\vendor\laravel\framework\src\Illuminate\Foundation\Http\Middleware\VerifyCsrfToken.php(43): Illuminate\Pipeline\Pipeline->Illuminate\Pipeline\{closure}(Object(Illuminate\Http\Request))
#28 D:\Jamil Al-idrus\My document\Materi Kuliah\SEMESTER 5\framework lanjutan\FWLanjutan\app\Http\Middleware\VerifyCsrfToken.php(17): Illuminate\Foundation\Http\Middleware\VerifyCsrfToken->handle(Object(Illuminate\Http\Request), Object(Closure))
#29 D:\Jamil Al-idrus\My document\Materi Kuliah\SEMESTER 5\framework lanjutan\FWLanjutan\vendor\laravel\framework\src\Illuminate\Pipeline\Pipeline.php(125): App\Http\Middleware\VerifyCsrfToken->handle(Object(Illuminate\Http\Request), Object(Closure))
#30 D:\Jamil Al-idrus\My document\Materi Kuliah\SEMESTER 5\framework lanjutan\FWLanjutan\vendor\laravel\framework\src\Illuminate\View\Middleware\ShareErrorsFromSession.php(55): Illuminate\Pipeline\Pipeline->Illuminate\Pipeline\{closure}(Object(Illuminate\Http\Request))
#31 D:\Jamil Al-idrus\My document\Materi Kuliah\SEMESTER 5\framework lanjutan\FWLanjutan\vendor\laravel\framework\src\Illuminate\Pipeline\Pipeline.php(125): Illuminate\View\Middleware\ShareErrorsFromSession->handle(Object(Illuminate\Http\Request), Object(Closure))
#32 D:\Jamil Al-idrus\My document\Materi Kuliah\SEMESTER 5\framework lanjutan\FWLanjutan\vendor\laravel\framework\src\Illuminate\Session\Middleware\StartSession.php(61): Illuminate\Pipeline\Pipeline->Illuminate\Pipeline\{closure}(Object(Illuminate\Http\Request))
#33 D:\Jamil Al-idrus\My document\Materi Kuliah\SEMESTER 5\framework lanjutan\FWLanjutan\vendor\laravel\framework\src\Illuminate\Pipeline\Pipeline.php(125): Illuminate\Session\Middleware\StartSession->handle(Object(Illuminate\Http\Request), Object(Closure))
#34 D:\Jamil Al-idrus\My document\Materi Kuliah\SEMESTER 5\framework lanjutan\FWLanjutan\vendor\laravel\framework\src\Illuminate\Cookie\Middleware\AddQueuedCookiesToResponse.php(36): Illuminate\Pipeline\Pipeline->Illuminate\Pipeline\{closure}(Object(Illuminate\Http\Request))
#35 D:\Jamil Al-idrus\My document\Materi Kuliah\SEMESTER 5\framework lanjutan\FWLanjutan\vendor\laravel\framework\src\Illuminate\Pipeline\Pipeline.php(125): Illuminate\Cookie\Middleware\AddQueuedCookiesToResponse->handle(Object(Illuminate\Http\Request), Object(Closure))
#36 D:\Jamil Al-idrus\My document\Materi Kuliah\SEMESTER 5\framework lanjutan\FWLanjutan\vendor\laravel\framework\src\Illuminate\Cookie\Middleware\EncryptCookies.php(40): Illuminate\Pipeline\Pipeline->Illuminate\Pipeline\{closure}(Object(Illuminate\Http\Request))
#37 D:\Jamil Al-idrus\My document\Materi Kuliah\SEMESTER 5\framework lanjutan\FWLanjutan\vendor\laravel\framework\src\Illuminate\Pipeline\Pipeline.php(125): Illuminate\Cookie\Middleware\EncryptCookies->handle(Object(Illuminate\Http\Request), Object(Closure))
#38 D:\Jamil Al-idrus\My document\Materi Kuliah\SEMESTER 5\framework lanjutan\FWLanjutan\vendor\laravel\framework\src\Illuminate\Foundation\Http\Middleware\CheckForMaintenanceMode.php(42): Illuminate\Pipeline\Pipeline->Illuminate\Pipeline\{closure}(Object(Illuminate\Http\Request))
#39 D:\Jamil Al-idrus\My document\Materi Kuliah\SEMESTER 5\framework lanjutan\FWLanjutan\vendor\laravel\framework\src\Illuminate\Pipeline\Pipeline.php(125): Illuminate\Foundation\Http\Middleware\CheckForMaintenanceMode->handle(Object(Illuminate\Http\Request), Object(Closure))
#40 [internal function]: Illuminate\Pipeline\Pipeline->Illuminate\Pipeline\{closure}(Object(Illuminate\Http\Request))
#41 D:\Jamil Al-idrus\My document\Materi Kuliah\SEMESTER 5\framework lanjutan\FWLanjutan\vendor\laravel\framework\src\Illuminate\Pipeline\Pipeline.php(101): call_user_func(Object(Closure), Object(Illuminate\Http\Request))
#42 D:\Jamil Al-idrus\My document\Materi Kuliah\SEMESTER 5\framework lanjutan\FWLanjutan\vendor\laravel\framework\src\Illuminate\Foundation\Http\Kernel.php(111): Illuminate\Pipeline\Pipeline->then(Object(Closure))
#43 D:\Jamil Al-idrus\My document\Materi Kuliah\SEMESTER 5\framework lanjutan\FWLanjutan\vendor\laravel\framework\src\Illuminate\Foundation\Http\Kernel.php(84): Illuminate\Foundation\Http\Kernel->sendRequestThroughRouter(Object(Illuminate\Http\Request))
#44 D:\Jamil Al-idrus\My document\Materi Kuliah\SEMESTER 5\framework lanjutan\FWLanjutan\public\index.php(53): Illuminate\Foundation\Http\Kernel->handle(Object(Illuminate\Http\Request))
#45 D:\Jamil Al-idrus\My document\Materi Kuliah\SEMESTER 5\framework lanjutan\FWLanjutan\server.php(21): require_once('D:\\Jamil Al-idr...')
#46 {main}  
[2015-12-17 06:49:30] local.ERROR: exception 'InvalidArgumentException' with message 'View [...Resources.View.index] not found.' in D:\Jamil Al-idrus\My document\Materi Kuliah\SEMESTER 5\framework lanjutan\FWLanjutan\vendor\laravel\framework\src\Illuminate\View\FileViewFinder.php:140
Stack trace:
#0 D:\Jamil Al-idrus\My document\Materi Kuliah\SEMESTER 5\framework lanjutan\FWLanjutan\vendor\laravel\framework\src\Illuminate\View\FileViewFinder.php(77): Illuminate\View\FileViewFinder->findInPaths('...Resources.Vi...', Array)
#1 D:\Jamil Al-idrus\My document\Materi Kuliah\SEMESTER 5\framework lanjutan\FWLanjutan\vendor\laravel\framework\src\Illuminate\View\Factory.php(145): Illuminate\View\FileViewFinder->find('...Resources.Vi...')
#2 D:\Jamil Al-idrus\My document\Materi Kuliah\SEMESTER 5\framework lanjutan\FWLanjutan\vendor\laravel\framework\src\Illuminate\Foundation\helpers.php(565): Illuminate\View\Factory->make('../Resources/Vi...', Array, Array)
#3 D:\Jamil Al-idrus\My document\Materi Kuliah\SEMESTER 5\framework lanjutan\FWLanjutan\src\Jamil\Skripsi\Http\Controllers\SkripsiController.php(11): view('../Resources/Vi...')
#4 [internal function]: Jamil\Skripsi\Http\Controllers\SkripsiController->index()
#5 D:\Jamil Al-idrus\My document\Materi Kuliah\SEMESTER 5\framework lanjutan\FWLanjutan\vendor\laravel\framework\src\Illuminate\Routing\Controller.php(246): call_user_func_array(Array, Array)
#6 D:\Jamil Al-idrus\My document\Materi Kuliah\SEMESTER 5\framework lanjutan\FWLanjutan\vendor\laravel\framework\src\Illuminate\Routing\ControllerDispatcher.php(162): Illuminate\Routing\Controller->callAction('index', Array)
#7 D:\Jamil Al-idrus\My document\Materi Kuliah\SEMESTER 5\framework lanjutan\FWLanjutan\vendor\laravel\framework\src\Illuminate\Routing\ControllerDispatcher.php(107): Illuminate\Routing\ControllerDispatcher->call(Object(Jamil\Skripsi\Http\Controllers\SkripsiController), Object(Illuminate\Routing\Route), 'index')
#8 [internal function]: Illuminate\Routing\ControllerDispatcher->Illuminate\Routing\{closure}(Object(Illuminate\Http\Request))
#9 D:\Jamil Al-idrus\My document\Materi Kuliah\SEMESTER 5\framework lanjutan\FWLanjutan\vendor\laravel\framework\src\Illuminate\Pipeline\Pipeline.php(141): call_user_func(Object(Closure), Object(Illuminate\Http\Request))
#10 [internal function]: Illuminate\Pipeline\Pipeline->Illuminate\Pipeline\{closure}(Object(Illuminate\Http\Request))
#11 D:\Jamil Al-idrus\My document\Materi Kuliah\SEMESTER 5\framework lanjutan\FWLanjutan\vendor\laravel\framework\src\Illuminate\Pipeline\Pipeline.php(101): call_user_func(Object(Closure), Object(Illuminate\Http\Request))
#12 D:\Jamil Al-idrus\My document\Materi Kuliah\SEMESTER 5\framework lanjutan\FWLanjutan\vendor\laravel\framework\src\Illuminate\Routing\ControllerDispatcher.php(108): Illuminate\Pipeline\Pipeline->then(Object(Closure))
#13 D:\Jamil Al-idrus\My document\Materi Kuliah\SEMESTER 5\framework lanjutan\FWLanjutan\vendor\laravel\framework\src\Illuminate\Routing\ControllerDispatcher.php(67): Illuminate\Routing\ControllerDispatcher->callWithinStack(Object(Jamil\Skripsi\Http\Controllers\SkripsiController), Object(Illuminate\Routing\Route), Object(Illuminate\Http\Request), 'index')
#14 D:\Jamil Al-idrus\My document\Materi Kuliah\SEMESTER 5\framework lanjutan\FWLanjutan\vendor\laravel\framework\src\Illuminate\Routing\Route.php(198): Illuminate\Routing\ControllerDispatcher->dispatch(Object(Illuminate\Routing\Route), Object(Illuminate\Http\Request), 'Jamil\\Skripsi\\H...', 'index')
#15 D:\Jamil Al-idrus\My document\Materi Kuliah\SEMESTER 5\framework lanjutan\FWLanjutan\vendor\laravel\framework\src\Illuminate\Routing\Route.php(131): Illuminate\Routing\Route->runWithCustomDispatcher(Object(Illuminate\Http\Request))
#16 D:\Jamil Al-idrus\My document\Materi Kuliah\SEMESTER 5\framework lanjutan\FWLanjutan\vendor\laravel\framework\src\Illuminate\Routing\Router.php(691): Illuminate\Routing\Route->run(Object(Illuminate\Http\Request))
#17 [internal function]: Illuminate\Routing\Router->Illuminate\Routing\{closure}(Object(Illuminate\Http\Request))
#18 D:\Jamil Al-idrus\My document\Materi Kuliah\SEMESTER 5\framework lanjutan\FWLanjutan\vendor\laravel\framework\src\Illuminate\Pipeline\Pipeline.php(141): call_user_func(Object(Closure), Object(Illuminate\Http\Request))
#19 [internal function]: Illuminate\Pipeline\Pipeline->Illuminate\Pipeline\{closure}(Object(Illuminate\Http\Request))
#20 D:\Jamil Al-idrus\My document\Materi Kuliah\SEMESTER 5\framework lanjutan\FWLanjutan\vendor\laravel\framework\src\Illuminate\Pipeline\Pipeline.php(101): call_user_func(Object(Closure), Object(Illuminate\Http\Request))
#21 D:\Jamil Al-idrus\My document\Materi Kuliah\SEMESTER 5\framework lanjutan\FWLanjutan\vendor\laravel\framework\src\Illuminate\Routing\Router.php(693): Illuminate\Pipeline\Pipeline->then(Object(Closure))
#22 D:\Jamil Al-idrus\My document\Materi Kuliah\SEMESTER 5\framework lanjutan\FWLanjutan\vendor\laravel\framework\src\Illuminate\Routing\Router.php(660): Illuminate\Routing\Router->runRouteWithinStack(Object(Illuminate\Routing\Route), Object(Illuminate\Http\Request))
#23 D:\Jamil Al-idrus\My document\Materi Kuliah\SEMESTER 5\framework lanjutan\FWLanjutan\vendor\laravel\framework\src\Illuminate\Routing\Router.php(618): Illuminate\Routing\Router->dispatchToRoute(Object(Illuminate\Http\Request))
#24 D:\Jamil Al-idrus\My document\Materi Kuliah\SEMESTER 5\framework lanjutan\FWLanjutan\vendor\laravel\framework\src\Illuminate\Foundation\Http\Kernel.php(210): Illuminate\Routing\Router->dispatch(Object(Illuminate\Http\Request))
#25 [internal function]: Illuminate\Foundation\Http\Kernel->Illuminate\Foundation\Http\{closure}(Object(Illuminate\Http\Request))
#26 D:\Jamil Al-idrus\My document\Materi Kuliah\SEMESTER 5\framework lanjutan\FWLanjutan\vendor\laravel\framework\src\Illuminate\Pipeline\Pipeline.php(141): call_user_func(Object(Closure), Object(Illuminate\Http\Request))
#27 D:\Jamil Al-idrus\My document\Materi Kuliah\SEMESTER 5\framework lanjutan\FWLanjutan\vendor\laravel\framework\src\Illuminate\Foundation\Http\Middleware\VerifyCsrfToken.php(43): Illuminate\Pipeline\Pipeline->Illuminate\Pipeline\{closure}(Object(Illuminate\Http\Request))
#28 D:\Jamil Al-idrus\My document\Materi Kuliah\SEMESTER 5\framework lanjutan\FWLanjutan\app\Http\Middleware\VerifyCsrfToken.php(17): Illuminate\Foundation\Http\Middleware\VerifyCsrfToken->handle(Object(Illuminate\Http\Request), Object(Closure))
#29 D:\Jamil Al-idrus\My document\Materi Kuliah\SEMESTER 5\framework lanjutan\FWLanjutan\vendor\laravel\framework\src\Illuminate\Pipeline\Pipeline.php(125): App\Http\Middleware\VerifyCsrfToken->handle(Object(Illuminate\Http\Request), Object(Closure))
#30 D:\Jamil Al-idrus\My document\Materi Kuliah\SEMESTER 5\framework lanjutan\FWLanjutan\vendor\laravel\framework\src\Illuminate\View\Middleware\ShareErrorsFromSession.php(55): Illuminate\Pipeline\Pipeline->Illuminate\Pipeline\{closure}(Object(Illuminate\Http\Request))
#31 D:\Jamil Al-idrus\My document\Materi Kuliah\SEMESTER 5\framework lanjutan\FWLanjutan\vendor\laravel\framework\src\Illuminate\Pipeline\Pipeline.php(125): Illuminate\View\Middleware\ShareErrorsFromSession->handle(Object(Illuminate\Http\Request), Object(Closure))
#32 D:\Jamil Al-idrus\My document\Materi Kuliah\SEMESTER 5\framework lanjutan\FWLanjutan\vendor\laravel\framework\src\Illuminate\Session\Middleware\StartSession.php(61): Illuminate\Pipeline\Pipeline->Illuminate\Pipeline\{closure}(Object(Illuminate\Http\Request))
#33 D:\Jamil Al-idrus\My document\Materi Kuliah\SEMESTER 5\framework lanjutan\FWLanjutan\vendor\laravel\framework\src\Illuminate\Pipeline\Pipeline.php(125): Illuminate\Session\Middleware\StartSession->handle(Object(Illuminate\Http\Request), Object(Closure))
#34 D:\Jamil Al-idrus\My document\Materi Kuliah\SEMESTER 5\framework lanjutan\FWLanjutan\vendor\laravel\framework\src\Illuminate\Cookie\Middleware\AddQueuedCookiesToResponse.php(36): Illuminate\Pipeline\Pipeline->Illuminate\Pipeline\{closure}(Object(Illuminate\Http\Request))
#35 D:\Jamil Al-idrus\My document\Materi Kuliah\SEMESTER 5\framework lanjutan\FWLanjutan\vendor\laravel\framework\src\Illuminate\Pipeline\Pipeline.php(125): Illuminate\Cookie\Middleware\AddQueuedCookiesToResponse->handle(Object(Illuminate\Http\Request), Object(Closure))
#36 D:\Jamil Al-idrus\My document\Materi Kuliah\SEMESTER 5\framework lanjutan\FWLanjutan\vendor\laravel\framework\src\Illuminate\Cookie\Middleware\EncryptCookies.php(40): Illuminate\Pipeline\Pipeline->Illuminate\Pipeline\{closure}(Object(Illuminate\Http\Request))
#37 D:\Jamil Al-idrus\My document\Materi Kuliah\SEMESTER 5\framework lanjutan\FWLanjutan\vendor\laravel\framework\src\Illuminate\Pipeline\Pipeline.php(125): Illuminate\Cookie\Middleware\EncryptCookies->handle(Object(Illuminate\Http\Request), Object(Closure))
#38 D:\Jamil Al-idrus\My document\Materi Kuliah\SEMESTER 5\framework lanjutan\FWLanjutan\vendor\laravel\framework\src\Illuminate\Foundation\Http\Middleware\CheckForMaintenanceMode.php(42): Illuminate\Pipeline\Pipeline->Illuminate\Pipeline\{closure}(Object(Illuminate\Http\Request))
#39 D:\Jamil Al-idrus\My document\Materi Kuliah\SEMESTER 5\framework lanjutan\FWLanjutan\vendor\laravel\framework\src\Illuminate\Pipeline\Pipeline.php(125): Illuminate\Foundation\Http\Middleware\CheckForMaintenanceMode->handle(Object(Illuminate\Http\Request), Object(Closure))
#40 [internal function]: Illuminate\Pipeline\Pipeline->Illuminate\Pipeline\{closure}(Object(Illuminate\Http\Request))
#41 D:\Jamil Al-idrus\My document\Materi Kuliah\SEMESTER 5\framework lanjutan\FWLanjutan\vendor\laravel\framework\src\Illuminate\Pipeline\Pipeline.php(101): call_user_func(Object(Closure), Object(Illuminate\Http\Request))
#42 D:\Jamil Al-idrus\My document\Materi Kuliah\SEMESTER 5\framework lanjutan\FWLanjutan\vendor\laravel\framework\src\Illuminate\Foundation\Http\Kernel.php(111): Illuminate\Pipeline\Pipeline->then(Object(Closure))
#43 D:\Jamil Al-idrus\My document\Materi Kuliah\SEMESTER 5\framework lanjutan\FWLanjutan\vendor\laravel\framework\src\Illuminate\Foundation\Http\Kernel.php(84): Illuminate\Foundation\Http\Kernel->sendRequestThroughRouter(Object(Illuminate\Http\Request))
#44 D:\Jamil Al-idrus\My document\Materi Kuliah\SEMESTER 5\framework lanjutan\FWLanjutan\public\index.php(53): Illuminate\Foundation\Http\Kernel->handle(Object(Illuminate\Http\Request))
#45 D:\Jamil Al-idrus\My document\Materi Kuliah\SEMESTER 5\framework lanjutan\FWLanjutan\server.php(21): require_once('D:\\Jamil Al-idr...')
#46 {main}  
