[2015-12-19 02:40:58] local.ERROR: exception 'Symfony\Component\Debug\Exception\FatalErrorException' with message 'Class 'Template\JamilSkripsiServiceProvider' not found' in D:\Jamil Al-idrus\My document\Materi Kuliah\SEMESTER 5\framework lanjutan\FWLanjutan\vendor\laravel\framework\src\Illuminate\Foundation\ProviderRepository.php:150
Stack trace:
#0 {main}  
[2015-12-19 03:07:35] local.ERROR: exception 'InvalidArgumentException' with message 'Command "dump-autoload" is not defined.' in D:\Jamil Al-idrus\My document\Materi Kuliah\SEMESTER 5\framework lanjutan\FWLanjutan\vendor\symfony\console\Symfony\Component\Console\Application.php:549
Stack trace:
#0 D:\Jamil Al-idrus\My document\Materi Kuliah\SEMESTER 5\framework lanjutan\FWLanjutan\vendor\symfony\console\Symfony\Component\Console\Application.php(192): Symfony\Component\Console\Application->find('dump-autoload')
#1 D:\Jamil Al-idrus\My document\Materi Kuliah\SEMESTER 5\framework lanjutan\FWLanjutan\vendor\symfony\console\Symfony\Component\Console\Application.php(126): Symfony\Component\Console\Application->doRun(Object(Symfony\Component\Console\Input\ArgvInput), Object(Symfony\Component\Console\Output\ConsoleOutput))
#2 D:\Jamil Al-idrus\My document\Materi Kuliah\SEMESTER 5\framework lanjutan\FWLanjutan\vendor\laravel\framework\src\Illuminate\Foundation\Console\Kernel.php(90): Symfony\Component\Console\Application->run(Object(Symfony\Component\Console\Input\ArgvInput), Object(Symfony\Component\Console\Output\ConsoleOutput))
#3 D:\Jamil Al-idrus\My document\Materi Kuliah\SEMESTER 5\framework lanjutan\FWLanjutan\artisan(36): Illuminate\Foundation\Console\Kernel->handle(Object(Symfony\Component\Console\Input\ArgvInput), Object(Symfony\Component\Console\Output\ConsoleOutput))
#4 {main}  
[2015-12-19 03:07:54] local.ERROR: exception 'InvalidArgumentException' with message 'Command "dump-autoload" is not defined.' in D:\Jamil Al-idrus\My document\Materi Kuliah\SEMESTER 5\framework lanjutan\FWLanjutan\vendor\symfony\console\Symfony\Component\Console\Application.php:549
Stack trace:
#0 D:\Jamil Al-idrus\My document\Materi Kuliah\SEMESTER 5\framework lanjutan\FWLanjutan\vendor\symfony\console\Symfony\Component\Console\Application.php(192): Symfony\Component\Console\Application->find('dump-autoload')
#1 D:\Jamil Al-idrus\My document\Materi Kuliah\SEMESTER 5\framework lanjutan\FWLanjutan\vendor\symfony\console\Symfony\Component\Console\Application.php(126): Symfony\Component\Console\Application->doRun(Object(Symfony\Component\Console\Input\ArgvInput), Object(Symfony\Component\Console\Output\ConsoleOutput))
#2 D:\Jamil Al-idrus\My document\Materi Kuliah\SEMESTER 5\framework lanjutan\FWLanjutan\vendor\laravel\framework\src\Illuminate\Foundation\Console\Kernel.php(90): Symfony\Component\Console\Application->run(Object(Symfony\Component\Console\Input\ArgvInput), Object(Symfony\Component\Console\Output\ConsoleOutput))
#3 D:\Jamil Al-idrus\My document\Materi Kuliah\SEMESTER 5\framework lanjutan\FWLanjutan\artisan(36): Illuminate\Foundation\Console\Kernel->handle(Object(Symfony\Component\Console\Input\ArgvInput), Object(Symfony\Component\Console\Output\ConsoleOutput))
#4 {main}  
[2015-12-19 03:08:51] local.ERROR: exception 'InvalidArgumentException' with message 'Command "autoload-dump" is not defined.' in D:\Jamil Al-idrus\My document\Materi Kuliah\SEMESTER 5\framework lanjutan\FWLanjutan\vendor\symfony\console\Symfony\Component\Console\Application.php:549
Stack trace:
#0 D:\Jamil Al-idrus\My document\Materi Kuliah\SEMESTER 5\framework lanjutan\FWLanjutan\vendor\symfony\console\Symfony\Component\Console\Application.php(192): Symfony\Component\Console\Application->find('autoload-dump')
#1 D:\Jamil Al-idrus\My document\Materi Kuliah\SEMESTER 5\framework lanjutan\FWLanjutan\vendor\symfony\console\Symfony\Component\Console\Application.php(126): Symfony\Component\Console\Application->doRun(Object(Symfony\Component\Console\Input\ArgvInput), Object(Symfony\Component\Console\Output\ConsoleOutput))
#2 D:\Jamil Al-idrus\My document\Materi Kuliah\SEMESTER 5\framework lanjutan\FWLanjutan\vendor\laravel\framework\src\Illuminate\Foundation\Console\Kernel.php(90): Symfony\Component\Console\Application->run(Object(Symfony\Component\Console\Input\ArgvInput), Object(Symfony\Component\Console\Output\ConsoleOutput))
#3 D:\Jamil Al-idrus\My document\Materi Kuliah\SEMESTER 5\framework lanjutan\FWLanjutan\artisan(36): Illuminate\Foundation\Console\Kernel->handle(Object(Symfony\Component\Console\Input\ArgvInput), Object(Symfony\Component\Console\Output\ConsoleOutput))
#4 {main}  
[2015-12-19 03:10:12] local.ERROR: exception 'InvalidArgumentException' with message 'Command "dump-autoload" is not defined.' in D:\Jamil Al-idrus\My document\Materi Kuliah\SEMESTER 5\framework lanjutan\FWLanjutan\vendor\symfony\console\Symfony\Component\Console\Application.php:549
Stack trace:
#0 D:\Jamil Al-idrus\My document\Materi Kuliah\SEMESTER 5\framework lanjutan\FWLanjutan\vendor\symfony\console\Symfony\Component\Console\Application.php(192): Symfony\Component\Console\Application->find('dump-autoload')
#1 D:\Jamil Al-idrus\My document\Materi Kuliah\SEMESTER 5\framework lanjutan\FWLanjutan\vendor\symfony\console\Symfony\Component\Console\Application.php(126): Symfony\Component\Console\Application->doRun(Object(Symfony\Component\Console\Input\ArgvInput), Object(Symfony\Component\Console\Output\ConsoleOutput))
#2 D:\Jamil Al-idrus\My document\Materi Kuliah\SEMESTER 5\framework lanjutan\FWLanjutan\vendor\laravel\framework\src\Illuminate\Foundation\Console\Kernel.php(90): Symfony\Component\Console\Application->run(Object(Symfony\Component\Console\Input\ArgvInput), Object(Symfony\Component\Console\Output\ConsoleOutput))
#3 D:\Jamil Al-idrus\My document\Materi Kuliah\SEMESTER 5\framework lanjutan\FWLanjutan\artisan(36): Illuminate\Foundation\Console\Kernel->handle(Object(Symfony\Component\Console\Input\ArgvInput), Object(Symfony\Component\Console\Output\ConsoleOutput))
#4 {main}  
[2015-12-19 03:11:28] local.ERROR: exception 'InvalidArgumentException' with message 'Command "dump-autoload" is not defined.' in D:\Jamil Al-idrus\My document\Materi Kuliah\SEMESTER 5\framework lanjutan\FWLanjutan\vendor\symfony\console\Symfony\Component\Console\Application.php:549
Stack trace:
#0 D:\Jamil Al-idrus\My document\Materi Kuliah\SEMESTER 5\framework lanjutan\FWLanjutan\vendor\symfony\console\Symfony\Component\Console\Application.php(192): Symfony\Component\Console\Application->find('dump-autoload')
#1 D:\Jamil Al-idrus\My document\Materi Kuliah\SEMESTER 5\framework lanjutan\FWLanjutan\vendor\symfony\console\Symfony\Component\Console\Application.php(126): Symfony\Component\Console\Application->doRun(Object(Symfony\Component\Console\Input\ArgvInput), Object(Symfony\Component\Console\Output\ConsoleOutput))
#2 D:\Jamil Al-idrus\My document\Materi Kuliah\SEMESTER 5\framework lanjutan\FWLanjutan\vendor\laravel\framework\src\Illuminate\Foundation\Console\Kernel.php(90): Symfony\Component\Console\Application->run(Object(Symfony\Component\Console\Input\ArgvInput), Object(Symfony\Component\Console\Output\ConsoleOutput))
#3 D:\Jamil Al-idrus\My document\Materi Kuliah\SEMESTER 5\framework lanjutan\FWLanjutan\artisan(36): Illuminate\Foundation\Console\Kernel->handle(Object(Symfony\Component\Console\Input\ArgvInput), Object(Symfony\Component\Console\Output\ConsoleOutput))
#4 {main}  
[2015-12-19 03:11:52] local.ERROR: exception 'InvalidArgumentException' with message 'Command "dump-autoload" is not defined.' in D:\Jamil Al-idrus\My document\Materi Kuliah\SEMESTER 5\framework lanjutan\FWLanjutan\vendor\symfony\console\Symfony\Component\Console\Application.php:549
Stack trace:
#0 D:\Jamil Al-idrus\My document\Materi Kuliah\SEMESTER 5\framework lanjutan\FWLanjutan\vendor\symfony\console\Symfony\Component\Console\Application.php(192): Symfony\Component\Console\Application->find('dump-autoload')
#1 D:\Jamil Al-idrus\My document\Materi Kuliah\SEMESTER 5\framework lanjutan\FWLanjutan\vendor\symfony\console\Symfony\Component\Console\Application.php(126): Symfony\Component\Console\Application->doRun(Object(Symfony\Component\Console\Input\ArgvInput), Object(Symfony\Component\Console\Output\ConsoleOutput))
#2 D:\Jamil Al-idrus\My document\Materi Kuliah\SEMESTER 5\framework lanjutan\FWLanjutan\vendor\laravel\framework\src\Illuminate\Foundation\Console\Kernel.php(90): Symfony\Component\Console\Application->run(Object(Symfony\Component\Console\Input\ArgvInput), Object(Symfony\Component\Console\Output\ConsoleOutput))
#3 D:\Jamil Al-idrus\My document\Materi Kuliah\SEMESTER 5\framework lanjutan\FWLanjutan\artisan(36): Illuminate\Foundation\Console\Kernel->handle(Object(Symfony\Component\Console\Input\ArgvInput), Object(Symfony\Component\Console\Output\ConsoleOutput))
#4 {main}  
[2015-12-19 03:12:24] local.ERROR: exception 'InvalidArgumentException' with message 'Command "dump-autoload" is not defined.' in D:\Jamil Al-idrus\My document\Materi Kuliah\SEMESTER 5\framework lanjutan\FWLanjutan\vendor\symfony\console\Symfony\Component\Console\Application.php:549
Stack trace:
#0 D:\Jamil Al-idrus\My document\Materi Kuliah\SEMESTER 5\framework lanjutan\FWLanjutan\vendor\symfony\console\Symfony\Component\Console\Application.php(192): Symfony\Component\Console\Application->find('dump-autoload')
#1 D:\Jamil Al-idrus\My document\Materi Kuliah\SEMESTER 5\framework lanjutan\FWLanjutan\vendor\symfony\console\Symfony\Component\Console\Application.php(126): Symfony\Component\Console\Application->doRun(Object(Symfony\Component\Console\Input\ArgvInput), Object(Symfony\Component\Console\Output\ConsoleOutput))
#2 D:\Jamil Al-idrus\My document\Materi Kuliah\SEMESTER 5\framework lanjutan\FWLanjutan\vendor\laravel\framework\src\Illuminate\Foundation\Console\Kernel.php(90): Symfony\Component\Console\Application->run(Object(Symfony\Component\Console\Input\ArgvInput), Object(Symfony\Component\Console\Output\ConsoleOutput))
#3 D:\Jamil Al-idrus\My document\Materi Kuliah\SEMESTER 5\framework lanjutan\FWLanjutan\artisan(36): Illuminate\Foundation\Console\Kernel->handle(Object(Symfony\Component\Console\Input\ArgvInput), Object(Symfony\Component\Console\Output\ConsoleOutput))
#4 {main}  
[2015-12-19 03:12:45] local.ERROR: exception 'RuntimeException' with message 'Too many arguments.' in D:\Jamil Al-idrus\My document\Materi Kuliah\SEMESTER 5\framework lanjutan\FWLanjutan\vendor\symfony\console\Symfony\Component\Console\Input\ArgvInput.php:181
Stack trace:
#0 D:\Jamil Al-idrus\My document\Materi Kuliah\SEMESTER 5\framework lanjutan\FWLanjutan\vendor\symfony\console\Symfony\Component\Console\Input\ArgvInput.php(90): Symfony\Component\Console\Input\ArgvInput->parseArgument('cache')
#1 D:\Jamil Al-idrus\My document\Materi Kuliah\SEMESTER 5\framework lanjutan\FWLanjutan\vendor\symfony\console\Symfony\Component\Console\Input\Input.php(61): Symfony\Component\Console\Input\ArgvInput->parse()
#2 D:\Jamil Al-idrus\My document\Materi Kuliah\SEMESTER 5\framework lanjutan\FWLanjutan\vendor\symfony\console\Symfony\Component\Console\Command\Command.php(225): Symfony\Component\Console\Input\Input->bind(Object(Symfony\Component\Console\Input\InputDefinition))
#3 D:\Jamil Al-idrus\My document\Materi Kuliah\SEMESTER 5\framework lanjutan\FWLanjutan\vendor\laravel\framework\src\Illuminate\Console\Command.php(101): Symfony\Component\Console\Command\Command->run(Object(Symfony\Component\Console\Input\ArgvInput), Object(Symfony\Component\Console\Output\ConsoleOutput))
#4 D:\Jamil Al-idrus\My document\Materi Kuliah\SEMESTER 5\framework lanjutan\FWLanjutan\vendor\symfony\console\Symfony\Component\Console\Application.php(874): Illuminate\Console\Command->run(Object(Symfony\Component\Console\Input\ArgvInput), Object(Symfony\Component\Console\Output\ConsoleOutput))
#5 D:\Jamil Al-idrus\My document\Materi Kuliah\SEMESTER 5\framework lanjutan\FWLanjutan\vendor\symfony\console\Symfony\Component\Console\Application.php(195): Symfony\Component\Console\Application->doRunCommand(Object(Illuminate\Foundation\Console\ClearCompiledCommand), Object(Symfony\Component\Console\Input\ArgvInput), Object(Symfony\Component\Console\Output\ConsoleOutput))
#6 D:\Jamil Al-idrus\My document\Materi Kuliah\SEMESTER 5\framework lanjutan\FWLanjutan\vendor\symfony\console\Symfony\Component\Console\Application.php(126): Symfony\Component\Console\Application->doRun(Object(Symfony\Component\Console\Input\ArgvInput), Object(Symfony\Component\Console\Output\ConsoleOutput))
#7 D:\Jamil Al-idrus\My document\Materi Kuliah\SEMESTER 5\framework lanjutan\FWLanjutan\vendor\laravel\framework\src\Illuminate\Foundation\Console\Kernel.php(90): Symfony\Component\Console\Application->run(Object(Symfony\Component\Console\Input\ArgvInput), Object(Symfony\Component\Console\Output\ConsoleOutput))
#8 D:\Jamil Al-idrus\My document\Materi Kuliah\SEMESTER 5\framework lanjutan\FWLanjutan\artisan(36): Illuminate\Foundation\Console\Kernel->handle(Object(Symfony\Component\Console\Input\ArgvInput), Object(Symfony\Component\Console\Output\ConsoleOutput))
#9 {main}  
[2015-12-19 03:12:59] local.ERROR: exception 'InvalidArgumentException' with message 'Command "dump-autoload" is not defined.' in D:\Jamil Al-idrus\My document\Materi Kuliah\SEMESTER 5\framework lanjutan\FWLanjutan\vendor\symfony\console\Symfony\Component\Console\Application.php:549
Stack trace:
#0 D:\Jamil Al-idrus\My document\Materi Kuliah\SEMESTER 5\framework lanjutan\FWLanjutan\vendor\symfony\console\Symfony\Component\Console\Application.php(192): Symfony\Component\Console\Application->find('dump-autoload')
#1 D:\Jamil Al-idrus\My document\Materi Kuliah\SEMESTER 5\framework lanjutan\FWLanjutan\vendor\symfony\console\Symfony\Component\Console\Application.php(126): Symfony\Component\Console\Application->doRun(Object(Symfony\Component\Console\Input\ArgvInput), Object(Symfony\Component\Console\Output\ConsoleOutput))
#2 D:\Jamil Al-idrus\My document\Materi Kuliah\SEMESTER 5\framework lanjutan\FWLanjutan\vendor\laravel\framework\src\Illuminate\Foundation\Console\Kernel.php(90): Symfony\Component\Console\Application->run(Object(Symfony\Component\Console\Input\ArgvInput), Object(Symfony\Component\Console\Output\ConsoleOutput))
#3 D:\Jamil Al-idrus\My document\Materi Kuliah\SEMESTER 5\framework lanjutan\FWLanjutan\artisan(36): Illuminate\Foundation\Console\Kernel->handle(Object(Symfony\Component\Console\Input\ArgvInput), Object(Symfony\Component\Console\Output\ConsoleOutput))
#4 {main}  
[2015-12-19 03:15:07] local.ERROR: exception 'InvalidArgumentException' with message 'Command "dump-autoload" is not defined.' in D:\Jamil Al-idrus\My document\Materi Kuliah\SEMESTER 5\framework lanjutan\FWLanjutan\vendor\symfony\console\Symfony\Component\Console\Application.php:549
Stack trace:
#0 D:\Jamil Al-idrus\My document\Materi Kuliah\SEMESTER 5\framework lanjutan\FWLanjutan\vendor\symfony\console\Symfony\Component\Console\Application.php(192): Symfony\Component\Console\Application->find('dump-autoload')
#1 D:\Jamil Al-idrus\My document\Materi Kuliah\SEMESTER 5\framework lanjutan\FWLanjutan\vendor\symfony\console\Symfony\Component\Console\Application.php(126): Symfony\Component\Console\Application->doRun(Object(Symfony\Component\Console\Input\ArgvInput), Object(Symfony\Component\Console\Output\ConsoleOutput))
#2 D:\Jamil Al-idrus\My document\Materi Kuliah\SEMESTER 5\framework lanjutan\FWLanjutan\vendor\laravel\framework\src\Illuminate\Foundation\Console\Kernel.php(90): Symfony\Component\Console\Application->run(Object(Symfony\Component\Console\Input\ArgvInput), Object(Symfony\Component\Console\Output\ConsoleOutput))
#3 D:\Jamil Al-idrus\My document\Materi Kuliah\SEMESTER 5\framework lanjutan\FWLanjutan\artisan(36): Illuminate\Foundation\Console\Kernel->handle(Object(Symfony\Component\Console\Input\ArgvInput), Object(Symfony\Component\Console\Output\ConsoleOutput))
#4 {main}  
[2015-12-19 03:33:59] local.ERROR: exception 'Symfony\Component\Debug\Exception\FatalErrorException' with message 'Class 'Jamil\Security\JamilSecurityServiceProvider' not found' in D:\Jamil Al-idrus\My document\Materi Kuliah\SEMESTER 5\framework lanjutan\FWLanjutan\vendor\laravel\framework\src\Illuminate\Foundation\ProviderRepository.php:150
Stack trace:
#0 {main}  
[2015-12-19 03:34:10] local.ERROR: exception 'Symfony\Component\Debug\Exception\FatalErrorException' with message 'Class 'Jamil\Security\JamilSecurityServiceProvider' not found' in D:\Jamil Al-idrus\My document\Materi Kuliah\SEMESTER 5\framework lanjutan\FWLanjutan\vendor\laravel\framework\src\Illuminate\Foundation\ProviderRepository.php:150
Stack trace:
#0 {main}  
[2015-12-19 03:34:23] local.ERROR: exception 'Symfony\Component\Debug\Exception\FatalErrorException' with message 'Class 'Jamil\Security\JamilSecurityServiceProvider' not found' in D:\Jamil Al-idrus\My document\Materi Kuliah\SEMESTER 5\framework lanjutan\FWLanjutan\vendor\laravel\framework\src\Illuminate\Foundation\ProviderRepository.php:150
Stack trace:
#0 {main}  
[2015-12-19 03:35:28] local.ERROR: exception 'Symfony\Component\Debug\Exception\FatalErrorException' with message 'Class 'Jamil\Security\JamilSecurityProvider' not found' in D:\Jamil Al-idrus\My document\Materi Kuliah\SEMESTER 5\framework lanjutan\FWLanjutan\vendor\laravel\framework\src\Illuminate\Foundation\ProviderRepository.php:150
Stack trace:
#0 {main}  
[2015-12-19 03:36:11] local.ERROR: exception 'Symfony\Component\Debug\Exception\FatalErrorException' with message 'Class 'Jamil\Security\JamilSecurityProvider' not found' in D:\Jamil Al-idrus\My document\Materi Kuliah\SEMESTER 5\framework lanjutan\FWLanjutan\vendor\laravel\framework\src\Illuminate\Foundation\ProviderRepository.php:150
Stack trace:
#0 {main}  
